#
# There is insufficient memory for the Java Runtime Environment to continue.
# Native memory allocation (malloc) failed to allocate 32744 bytes for ChunkPool::allocate
# Possible reasons:
#   The system is out of physical RAM or swap space
#   The process is running with CompressedOops enabled, and the Java Heap may be blocking the growth of the native heap
# Possible solutions:
#   Reduce memory load on the system
#   Increase physical memory or swap space
#   Check if swap backing store is full
#   Decrease Java heap size (-Xmx/-Xms)
#   Decrease number of Java threads
#   Decrease Java thread stack sizes (-Xss)
#   Set larger code cache with -XX:ReservedCodeCacheSize=
#   JVM is running with Zero Based Compressed Oops mode in which the Java heap is
#     placed in the first 32GB address space. The Java Heap base address is the
#     maximum limit for the native heap growth. Please use -XX:HeapBaseMinAddress
#     to set the Java Heap base and to place the Java Heap above 32GB virtual address.
# This output file may be truncated or incomplete.
#
#  Out of Memory Error (allocation.cpp:272), pid=17424, tid=0x0000000000006554
#
# JRE version: Java(TM) SE Runtime Environment (8.0_211-b12) (build 1.8.0_211-b12)
# Java VM: Java HotSpot(TM) 64-Bit Server VM (25.211-b12 mixed mode windows-amd64 compressed oops)
# Failed to write core dump. Minidumps are not enabled by default on client versions of Windows
#

---------------  T H R E A D  ---------------

Current thread (0x000000001e20b800):  JavaThread "C2 CompilerThread0" daemon [_thread_in_native, id=25940, stack(0x000000001eff0000,0x000000001f0f0000)]

Stack: [0x000000001eff0000,0x000000001f0f0000]
[error occurred during error reporting (printing stack bounds), id 0xc0000005]

Native frames: (J=compiled Java code, j=interpreted, Vv=VM code, C=native code)


Current CompileTask:
C2:  26542 2062       4       java.net.URLClassLoader$1::run (5 bytes)


---------------  P R O C E S S  ---------------

Java Threads: ( => current thread )
  0x000000001fcbb800 JavaThread "AsyncHttpClient-1-4" daemon [_thread_in_native, id=19836, stack(0x0000000024690000,0x0000000024790000)]
  0x000000001fcba000 JavaThread "AsyncHttpClient-1-3" daemon [_thread_in_native, id=3688, stack(0x0000000023920000,0x0000000023a20000)]
  0x000000001fcb8000 JavaThread "ForkJoinPool.commonPool-worker-2" daemon [_thread_blocked, id=22456, stack(0x0000000022a20000,0x0000000022b20000)]
  0x000000001e243000 JavaThread "AsyncHttpClient-1-2" daemon [_thread_in_native, id=32808, stack(0x0000000023c20000,0x0000000023d20000)]
  0x0000000021779800 JavaThread "UrlChecker-2" daemon [_thread_blocked, id=14280, stack(0x0000000023820000,0x0000000023920000)]
  0x000000002177c000 JavaThread "Driver Service Executor" daemon [_thread_blocked, id=2336, stack(0x0000000023720000,0x0000000023820000)]
  0x000000002174d800 JavaThread "Driver Service Executor" daemon [_thread_blocked, id=27992, stack(0x0000000023620000,0x0000000023720000)]
  0x000000002174d000 JavaThread "Exec Stream Pumper" daemon [_thread_in_native, id=27224, stack(0x0000000023520000,0x0000000023620000)]
  0x000000002174c800 JavaThread "Exec Stream Pumper" daemon [_thread_in_native, id=31004, stack(0x0000000023420000,0x0000000023520000)]
  0x0000000021782800 JavaThread "Exec Default Executor" daemon [_thread_in_native, id=4892, stack(0x0000000023020000,0x0000000023120000)]
  0x00000000213d3000 JavaThread "AsyncHttpClient-1-1" daemon [_thread_blocked, id=33592, stack(0x0000000022b20000,0x0000000022c20000)]
  0x000000001fa65800 JavaThread "ReaderThread" [_thread_in_native, id=9756, stack(0x000000001fef0000,0x000000001fff0000)]
  0x000000001e2a4000 JavaThread "Service Thread" daemon [_thread_blocked, id=3900, stack(0x000000001f3f0000,0x000000001f4f0000)]
  0x000000001e213800 JavaThread "C1 CompilerThread3" daemon [_thread_blocked, id=8112, stack(0x000000001f2f0000,0x000000001f3f0000)]
  0x000000001e212000 JavaThread "C2 CompilerThread2" daemon [_thread_blocked, id=14444, stack(0x000000001f1f0000,0x000000001f2f0000)]
  0x000000001e211000 JavaThread "C2 CompilerThread1" daemon [_thread_blocked, id=17592, stack(0x000000001f0f0000,0x000000001f1f0000)]
=>0x000000001e20b800 JavaThread "C2 CompilerThread0" daemon [_thread_in_native, id=25940, stack(0x000000001eff0000,0x000000001f0f0000)]
  0x000000001e206000 JavaThread "JDWP Command Reader" daemon [_thread_in_native, id=34132, stack(0x000000001eef0000,0x000000001eff0000)]
  0x000000001e1f7800 JavaThread "JDWP Event Helper Thread" daemon [_thread_blocked, id=14496, stack(0x000000001edf0000,0x000000001eef0000)]
  0x000000001e1ec800 JavaThread "JDWP Transport Listener: dt_socket" daemon [_thread_blocked, id=5232, stack(0x000000001ecf0000,0x000000001edf0000)]
  0x000000001e1e0800 JavaThread "Attach Listener" daemon [_thread_blocked, id=34304, stack(0x000000001e8b0000,0x000000001e9b0000)]
  0x000000001e1df000 JavaThread "Signal Dispatcher" daemon [_thread_blocked, id=28884, stack(0x000000001e7b0000,0x000000001e8b0000)]
  0x000000000292e800 JavaThread "Finalizer" daemon [_thread_blocked, id=7216, stack(0x000000001e5b0000,0x000000001e6b0000)]
  0x000000000292d000 JavaThread "Reference Handler" daemon [_thread_blocked, id=1856, stack(0x000000001e0b0000,0x000000001e1b0000)]
  0x0000000002837000 JavaThread "Forwarding findElement on session af73717d2f4928ceaa198dccfe316ce3 to remote" [_thread_blocked, id=29784, stack(0x0000000002730000,0x0000000002830000)]

Other Threads:
  0x000000001c2d9800 VMThread [stack: 0x000000001dfb0000,0x000000001e0b0000] [id=30612]
  0x000000001e317800 WatcherThread [stack: 0x000000001f4f0000,0x000000001f5f0000] [id=16688]

VM state:not at safepoint (normal execution)

VM Mutex/Monitor currently owned by a thread: None

heap address: 0x00000006c2600000, size: 4058 MB, Compressed Oops mode: Zero based, Oop shift amount: 3
Narrow klass base: 0x0000000000000000, Narrow klass shift: 3
Compressed class space size: 1073741824 Address: 0x00000007c0000000

Heap:
 PSYoungGen      total 75776K, used 17257K [0x000000076b780000, 0x0000000770c00000, 0x00000007c0000000)
  eden space 65024K, 10% used [0x000000076b780000,0x000000076bddaf70,0x000000076f700000)
  from space 10752K, 99% used [0x000000076f700000,0x000000077017f808,0x0000000770180000)
  to   space 10752K, 0% used [0x0000000770180000,0x0000000770180000,0x0000000770c00000)
 ParOldGen       total 114176K, used 11778K [0x00000006c2600000, 0x00000006c9580000, 0x000000076b780000)
  object space 114176K, 10% used [0x00000006c2600000,0x00000006c3180990,0x00000006c9580000)
 Metaspace       used 30470K, capacity 31582K, committed 31664K, reserved 1077248K
  class space    used 3994K, capacity 4243K, committed 4272K, reserved 1048576K

Card table byte_map: [0x0000000011cf0000,0x00000000124e0000] byte_map_base: 0x000000000e6dd000

Marking Bits: (ParMarkBitMap*) 0x000000006db85ce0
 Begin Bits: [0x0000000013230000, 0x0000000017198000)
 End Bits:   [0x0000000017198000, 0x000000001b100000)

Polling page: 0x0000000000ce0000

CodeCache: size=245760Kb used=6748Kb max_used=7508Kb free=239011Kb
 bounds [0x0000000002930000, 0x0000000003090000, 0x0000000011930000]
 total_blobs=2567 nmethods=2013 adapters=474
 compilation: enabled

Compilation events (10 events):
Event: 26.525 Thread 0x000000001e213800 2270       1       com.google.common.collect.CollectSpliterators$FlatMapSpliterator::characteristics (5 bytes)
Event: 26.525 Thread 0x000000001e213800 nmethod 2270 0x0000000002f2f890 code [0x0000000002f2f9e0, 0x0000000002f2faf0]
Event: 26.525 Thread 0x000000001e213800 2271       3       java.lang.Character::isUpperCase (25 bytes)
Event: 26.526 Thread 0x000000001e213800 nmethod 2271 0x0000000002a731d0 code [0x0000000002a73380, 0x0000000002a73798]
Event: 26.526 Thread 0x000000001e213800 2273       3       io.netty.util.AsciiString$1::hashCode (9 bytes)
Event: 26.526 Thread 0x000000001e213800 nmethod 2273 0x0000000002b0ac10 code [0x0000000002b0ada0, 0x0000000002b0b3b8]
Event: 26.526 Thread 0x000000001e213800 2274       3       io.netty.buffer.AbstractByteBuf::checkIndex (11 bytes)
Event: 26.527 Thread 0x000000001e213800 nmethod 2274 0x0000000002ba8610 code [0x0000000002ba87c0, 0x0000000002ba8db8]
Event: 26.527 Thread 0x000000001e213800 2272       3       java.util.Formatter::ensureOpen (16 bytes)
Event: 26.527 Thread 0x000000001e213800 nmethod 2272 0x0000000002cdb150 code [0x0000000002cdb2c0, 0x0000000002cdb4e8]

GC Heap History (8 events):
Event: 1.541 GC heap before
{Heap before GC invocations=1 (full 0):
 PSYoungGen      total 75776K, used 65024K [0x000000076b780000, 0x0000000770c00000, 0x00000007c0000000)
  eden space 65024K, 100% used [0x000000076b780000,0x000000076f700000,0x000000076f700000)
  from space 10752K, 0% used [0x0000000770180000,0x0000000770180000,0x0000000770c00000)
  to   space 10752K, 0% used [0x000000076f700000,0x000000076f700000,0x0000000770180000)
 ParOldGen       total 173568K, used 0K [0x00000006c2600000, 0x00000006ccf80000, 0x000000076b780000)
  object space 173568K, 0% used [0x00000006c2600000,0x00000006c2600000,0x00000006ccf80000)
 Metaspace       used 12684K, capacity 12872K, committed 13184K, reserved 1060864K
  class space    used 1542K, capacity 1628K, committed 1664K, reserved 1048576K
Event: 1.549 GC heap after
Heap after GC invocations=1 (full 0):
 PSYoungGen      total 75776K, used 7164K [0x000000076b780000, 0x0000000770c00000, 0x00000007c0000000)
  eden space 65024K, 0% used [0x000000076b780000,0x000000076b780000,0x000000076f700000)
  from space 10752K, 66% used [0x000000076f700000,0x000000076fdff1c0,0x0000000770180000)
  to   space 10752K, 0% used [0x0000000770180000,0x0000000770180000,0x0000000770c00000)
 ParOldGen       total 173568K, used 80K [0x00000006c2600000, 0x00000006ccf80000, 0x000000076b780000)
  object space 173568K, 0% used [0x00000006c2600000,0x00000006c2614010,0x00000006ccf80000)
 Metaspace       used 12684K, capacity 12872K, committed 13184K, reserved 1060864K
  class space    used 1542K, capacity 1628K, committed 1664K, reserved 1048576K
}
Event: 3.966 GC heap before
{Heap before GC invocations=2 (full 0):
 PSYoungGen      total 75776K, used 68284K [0x000000076b780000, 0x0000000770c00000, 0x00000007c0000000)
  eden space 65024K, 93% used [0x000000076b780000,0x000000076f32fed8,0x000000076f700000)
  from space 10752K, 66% used [0x000000076f700000,0x000000076fdff1c0,0x0000000770180000)
  to   space 10752K, 0% used [0x0000000770180000,0x0000000770180000,0x0000000770c00000)
 ParOldGen       total 173568K, used 80K [0x00000006c2600000, 0x00000006ccf80000, 0x000000076b780000)
  object space 173568K, 0% used [0x00000006c2600000,0x00000006c2614010,0x00000006ccf80000)
 Metaspace       used 20834K, capacity 21234K, committed 21296K, reserved 1067008K
  class space    used 2700K, capacity 2837K, committed 2864K, reserved 1048576K
Event: 3.975 GC heap after
Heap after GC invocations=2 (full 0):
 PSYoungGen      total 75776K, used 9338K [0x000000076b780000, 0x0000000770c00000, 0x00000007c0000000)
  eden space 65024K, 0% used [0x000000076b780000,0x000000076b780000,0x000000076f700000)
  from space 10752K, 86% used [0x0000000770180000,0x0000000770a9e8c0,0x0000000770c00000)
  to   space 10752K, 0% used [0x000000076f700000,0x000000076f700000,0x0000000770180000)
 ParOldGen       total 173568K, used 88K [0x00000006c2600000, 0x00000006ccf80000, 0x000000076b780000)
  object space 173568K, 0% used [0x00000006c2600000,0x00000006c2616010,0x00000006ccf80000)
 Metaspace       used 20834K, capacity 21234K, committed 21296K, reserved 1067008K
  class space    used 2700K, capacity 2837K, committed 2864K, reserved 1048576K
}
Event: 3.975 GC heap before
{Heap before GC invocations=3 (full 1):
 PSYoungGen      total 75776K, used 9338K [0x000000076b780000, 0x0000000770c00000, 0x00000007c0000000)
  eden space 65024K, 0% used [0x000000076b780000,0x000000076b780000,0x000000076f700000)
  from space 10752K, 86% used [0x0000000770180000,0x0000000770a9e8c0,0x0000000770c00000)
  to   space 10752K, 0% used [0x000000076f700000,0x000000076f700000,0x0000000770180000)
 ParOldGen       total 173568K, used 88K [0x00000006c2600000, 0x00000006ccf80000, 0x000000076b780000)
  object space 173568K, 0% used [0x00000006c2600000,0x00000006c2616010,0x00000006ccf80000)
 Metaspace       used 20834K, capacity 21234K, committed 21296K, reserved 1067008K
  class space    used 2700K, capacity 2837K, committed 2864K, reserved 1048576K
Event: 4.003 GC heap after
Heap after GC invocations=3 (full 1):
 PSYoungGen      total 75776K, used 0K [0x000000076b780000, 0x0000000770c00000, 0x00000007c0000000)
  eden space 65024K, 0% used [0x000000076b780000,0x000000076b780000,0x000000076f700000)
  from space 10752K, 0% used [0x0000000770180000,0x0000000770180000,0x0000000770c00000)
  to   space 10752K, 0% used [0x000000076f700000,0x000000076f700000,0x0000000770180000)
 ParOldGen       total 114176K, used 8921K [0x00000006c2600000, 0x00000006c9580000, 0x000000076b780000)
  object space 114176K, 7% used [0x00000006c2600000,0x00000006c2eb6568,0x00000006c9580000)
 Metaspace       used 20834K, capacity 21234K, committed 21296K, reserved 1067008K
  class space    used 2700K, capacity 2837K, committed 2864K, reserved 1048576K
}
Event: 25.577 GC heap before
{Heap before GC invocations=4 (full 1):
 PSYoungGen      total 75776K, used 65024K [0x000000076b780000, 0x0000000770c00000, 0x00000007c0000000)
  eden space 65024K, 100% used [0x000000076b780000,0x000000076f700000,0x000000076f700000)
  from space 10752K, 0% used [0x0000000770180000,0x0000000770180000,0x0000000770c00000)
  to   space 10752K, 0% used [0x000000076f700000,0x000000076f700000,0x0000000770180000)
 ParOldGen       total 114176K, used 8921K [0x00000006c2600000, 0x00000006c9580000, 0x000000076b780000)
  object space 114176K, 7% used [0x00000006c2600000,0x00000006c2eb6568,0x00000006c9580000)
 Metaspace       used 29908K, capacity 30898K, committed 31152K, reserved 1077248K
  class space    used 3915K, capacity 4149K, committed 4272K, reserved 1048576K
Event: 25.589 GC heap after
Heap after GC invocations=4 (full 1):
 PSYoungGen      total 75776K, used 10750K [0x000000076b780000, 0x0000000770c00000, 0x00000007c0000000)
  eden space 65024K, 0% used [0x000000076b780000,0x000000076b780000,0x000000076f700000)
  from space 10752K, 99% used [0x000000076f700000,0x000000077017f808,0x0000000770180000)
  to   space 10752K, 0% used [0x0000000770180000,0x0000000770180000,0x0000000770c00000)
 ParOldGen       total 114176K, used 11778K [0x00000006c2600000, 0x00000006c9580000, 0x000000076b780000)
  object space 114176K, 10% used [0x00000006c2600000,0x00000006c3180990,0x00000006c9580000)
 Metaspace       used 29908K, capacity 30898K, committed 31152K, reserved 1077248K
  class space    used 3915K, capacity 4149K, committed 4272K, reserved 1048576K
}

Deoptimization events (10 events):
Event: 25.656 Thread 0x0000000002837000 Uncommon trap: reason=unhandled action=none pc=0x0000000002ef1124 method=java.net.URLClassLoader.findClass(Ljava/lang/String;)Ljava/lang/Class; @ 44
Event: 25.656 Thread 0x0000000002837000 Uncommon trap: reason=unhandled action=none pc=0x0000000002ef1124 method=java.net.URLClassLoader.findClass(Ljava/lang/String;)Ljava/lang/Class; @ 44
Event: 25.658 Thread 0x0000000002837000 Uncommon trap: reason=unhandled action=none pc=0x0000000002ef1124 method=java.net.URLClassLoader.findClass(Ljava/lang/String;)Ljava/lang/Class; @ 44
Event: 25.659 Thread 0x0000000002837000 Uncommon trap: reason=unhandled action=none pc=0x0000000002ef1124 method=java.net.URLClassLoader.findClass(Ljava/lang/String;)Ljava/lang/Class; @ 44
Event: 25.660 Thread 0x0000000002837000 Uncommon trap: reason=unhandled action=none pc=0x0000000002ef1124 method=java.net.URLClassLoader.findClass(Ljava/lang/String;)Ljava/lang/Class; @ 44
Event: 25.661 Thread 0x0000000002837000 Uncommon trap: reason=unhandled action=none pc=0x0000000002ef1124 method=java.net.URLClassLoader.findClass(Ljava/lang/String;)Ljava/lang/Class; @ 44
Event: 25.664 Thread 0x0000000002837000 Uncommon trap: reason=unhandled action=none pc=0x0000000002ef1124 method=java.net.URLClassLoader.findClass(Ljava/lang/String;)Ljava/lang/Class; @ 44
Event: 25.664 Thread 0x0000000002837000 Uncommon trap: reason=unhandled action=none pc=0x0000000002ef1124 method=java.net.URLClassLoader.findClass(Ljava/lang/String;)Ljava/lang/Class; @ 44
Event: 25.788 Thread 0x0000000002837000 Uncommon trap: reason=unhandled action=none pc=0x0000000002ef1124 method=java.net.URLClassLoader.findClass(Ljava/lang/String;)Ljava/lang/Class; @ 44
Event: 26.261 Thread 0x0000000002837000 Uncommon trap: reason=unhandled action=none pc=0x0000000002ef1124 method=java.net.URLClassLoader.findClass(Ljava/lang/String;)Ljava/lang/Class; @ 44

Classes redefined (0 events):
No events

Internal exceptions (10 events):
Event: 5.761 Thread 0x000000001e243000 Exception <a 'java/lang/ArrayIndexOutOfBoundsException': 70> (0x000000076e53a4f0) thrown at [C:\re\workspace\8-2-build-windows-amd64-cygwin\jdk8u211\12973\hotspot\src\share\vm\interpreter\interpreterRuntime.cpp, line 368]
Event: 5.761 Thread 0x000000001e243000 Exception <a 'java/lang/ArrayIndexOutOfBoundsException': 114> (0x000000076e53bb18) thrown at [C:\re\workspace\8-2-build-windows-amd64-cygwin\jdk8u211\12973\hotspot\src\share\vm\interpreter\interpreterRuntime.cpp, line 368]
Event: 5.762 Thread 0x000000001e243000 Exception <a 'java/lang/ArrayIndexOutOfBoundsException': 69> (0x000000076e53f290) thrown at [C:\re\workspace\8-2-build-windows-amd64-cygwin\jdk8u211\12973\hotspot\src\share\vm\interpreter\interpreterRuntime.cpp, line 368]
Event: 5.762 Thread 0x000000001e243000 Exception <a 'java/lang/ArrayIndexOutOfBoundsException': 90> (0x000000076e540408) thrown at [C:\re\workspace\8-2-build-windows-amd64-cygwin\jdk8u211\12973\hotspot\src\share\vm\interpreter\interpreterRuntime.cpp, line 368]
Event: 25.448 Thread 0x0000000002837000 Exception <a 'java/lang/NoSuchMethodError': java.lang.Object.lambda$getResponseFunction$0(Lorg/openqa/selenium/remote/InitialHandshakeResponse;)Lorg/openqa/selenium/remote/ProtocolHandshake$Result;> (0x000000076f0e4e70) thrown at [C:\re\workspace\8-2-buil
Event: 25.554 Thread 0x000000001fcbb800 Exception <a 'java/lang/ArrayIndexOutOfBoundsException': 167> (0x000000076f5b6da8) thrown at [C:\re\workspace\8-2-build-windows-amd64-cygwin\jdk8u211\12973\hotspot\src\share\vm\interpreter\interpreterRuntime.cpp, line 368]
Event: 25.563 Thread 0x000000001fcbb800 Exception <a 'java/lang/ArrayIndexOutOfBoundsException': 163> (0x000000076f6298e0) thrown at [C:\re\workspace\8-2-build-windows-amd64-cygwin\jdk8u211\12973\hotspot\src\share\vm\interpreter\interpreterRuntime.cpp, line 368]
Event: 25.563 Thread 0x000000001fcbb800 Exception <a 'java/lang/ArrayIndexOutOfBoundsException': 276> (0x000000076f62c5a0) thrown at [C:\re\workspace\8-2-build-windows-amd64-cygwin\jdk8u211\12973\hotspot\src\share\vm\interpreter\interpreterRuntime.cpp, line 368]
Event: 25.617 Thread 0x0000000002837000 Exception <a 'java/lang/NoSuchMethodError': java.lang.Object.lambda$identity$2(Ljava/lang/Object;)Ljava/lang/Object;> (0x000000076b87dfa8) thrown at [C:\re\workspace\8-2-build-windows-amd64-cygwin\jdk8u211\12973\hotspot\src\share\vm\interpreter\linkResolv
Event: 26.228 Thread 0x0000000002837000 Exception <a 'java/lang/NoSuchMethodError': java.lang.Object.FIND_ELEMENT(Ljava/lang/String;Ljava/lang/Object;)Lorg/openqa/selenium/remote/CommandPayload;> (0x000000076bbab938) thrown at [C:\re\workspace\8-2-build-windows-amd64-cygwin\jdk8u211\12973\hotsp

Events (10 events):
Event: 26.375 Executing VM operation: RevokeBias
Event: 26.376 Executing VM operation: RevokeBias done
Event: 26.414 Executing VM operation: RevokeBias
Event: 26.414 Executing VM operation: RevokeBias done
Event: 26.414 Executing VM operation: RevokeBias
Event: 26.414 Executing VM operation: RevokeBias done
Event: 26.527 Executing VM operation: RevokeBias
Event: 26.527 Executing VM operation: RevokeBias done
Event: 26.527 Executing VM operation: RevokeBias
Event: 26.527 Executing VM operation: RevokeBias done


Dynamic libraries:
0x00007ff7f3e70000 - 0x00007ff7f3ea7000 	C:\Program Files\Java\jre1.8.0_211\bin\javaw.exe
0x00007ffb9a110000 - 0x00007ffb9a305000 	C:\WINDOWS\SYSTEM32\ntdll.dll
0x00007ffb99ee0000 - 0x00007ffb99f9e000 	C:\WINDOWS\System32\KERNEL32.DLL
0x00007ffb97d30000 - 0x00007ffb97ff8000 	C:\WINDOWS\System32\KERNELBASE.dll
0x00007ffb99440000 - 0x00007ffb994ec000 	C:\WINDOWS\System32\ADVAPI32.dll
0x00007ffb98160000 - 0x00007ffb981fe000 	C:\WINDOWS\System32\msvcrt.dll
0x00007ffb99b10000 - 0x00007ffb99bab000 	C:\WINDOWS\System32\sechost.dll
0x00007ffb99db0000 - 0x00007ffb99eda000 	C:\WINDOWS\System32\RPCRT4.dll
0x00007ffb99290000 - 0x00007ffb99431000 	C:\WINDOWS\System32\USER32.dll
0x00007ffb97a10000 - 0x00007ffb97a32000 	C:\WINDOWS\System32\win32u.dll
0x00007ffb985f0000 - 0x00007ffb9861b000 	C:\WINDOWS\System32\GDI32.dll
0x00007ffb97c20000 - 0x00007ffb97d2d000 	C:\WINDOWS\System32\gdi32full.dll
0x00007ffb98000000 - 0x00007ffb9809d000 	C:\WINDOWS\System32\msvcp_win.dll
0x00007ffb97a40000 - 0x00007ffb97b40000 	C:\WINDOWS\System32\ucrtbase.dll
0x00007ffb80890000 - 0x00007ffb80b2a000 	C:\WINDOWS\WinSxS\amd64_microsoft.windows.common-controls_6595b64144ccf1df_6.0.19041.1110_none_60b5254171f9507e\COMCTL32.dll
0x00007ffb99260000 - 0x00007ffb99290000 	C:\WINDOWS\System32\IMM32.DLL
0x000000006cd70000 - 0x000000006ce42000 	C:\Program Files\Java\jre1.8.0_211\bin\msvcr100.dll
0x000000006d360000 - 0x000000006dc05000 	C:\Program Files\Java\jre1.8.0_211\bin\server\jvm.dll
0x00007ffb98150000 - 0x00007ffb98158000 	C:\WINDOWS\System32\PSAPI.DLL
0x00007ffb835e0000 - 0x00007ffb835e9000 	C:\WINDOWS\SYSTEM32\WSOCK32.dll
0x00007ffb991f0000 - 0x00007ffb9925b000 	C:\WINDOWS\System32\WS2_32.dll
0x00007ffb8d170000 - 0x00007ffb8d17a000 	C:\WINDOWS\SYSTEM32\VERSION.dll
0x00007ffb82850000 - 0x00007ffb82877000 	C:\WINDOWS\SYSTEM32\WINMM.dll
0x00007ffb802b0000 - 0x00007ffb802bf000 	C:\Program Files\Java\jre1.8.0_211\bin\verify.dll
0x00007ffb674e0000 - 0x00007ffb67509000 	C:\Program Files\Java\jre1.8.0_211\bin\java.dll
0x00007ffb91e40000 - 0x00007ffb91e75000 	C:\Program Files\Java\jre1.8.0_211\bin\jdwp.dll
0x00007ffb94b50000 - 0x00007ffb94b58000 	C:\Program Files\Java\jre1.8.0_211\bin\npt.dll
0x00007ffb6e510000 - 0x00007ffb6e526000 	C:\Program Files\Java\jre1.8.0_211\bin\zip.dll
0x00007ffb98620000 - 0x00007ffb98d64000 	C:\WINDOWS\System32\SHELL32.dll
0x00007ffb95470000 - 0x00007ffb95c04000 	C:\WINDOWS\SYSTEM32\windows.storage.dll
0x00007ffb98200000 - 0x00007ffb98555000 	C:\WINDOWS\System32\combase.dll
0x00007ffb97200000 - 0x00007ffb9722e000 	C:\WINDOWS\SYSTEM32\Wldp.dll
0x00007ffb99d00000 - 0x00007ffb99dad000 	C:\WINDOWS\System32\SHCORE.dll
0x00007ffb99960000 - 0x00007ffb999b5000 	C:\WINDOWS\System32\shlwapi.dll
0x00007ffb97760000 - 0x00007ffb9777f000 	C:\WINDOWS\SYSTEM32\profapi.dll
0x00007ffb94b30000 - 0x00007ffb94b39000 	C:\Program Files\Java\jre1.8.0_211\bin\dt_socket.dll
0x00007ffb8d130000 - 0x00007ffb8d147000 	C:\WINDOWS\system32\napinsp.dll
0x00007ffb8ab90000 - 0x00007ffb8abab000 	C:\WINDOWS\system32\pnrpnsp.dll
0x00007ffb930d0000 - 0x00007ffb930e5000 	C:\WINDOWS\system32\wshbth.dll
0x00007ffb93b10000 - 0x00007ffb93b2d000 	C:\WINDOWS\system32\NLAapi.dll
0x00007ffb96bf0000 - 0x00007ffb96c2b000 	C:\WINDOWS\SYSTEM32\IPHLPAPI.DLL
0x00007ffb96f00000 - 0x00007ffb96f6a000 	C:\WINDOWS\System32\mswsock.dll
0x00007ffb96c30000 - 0x00007ffb96cfb000 	C:\WINDOWS\SYSTEM32\DNSAPI.dll
0x00007ffb99c10000 - 0x00007ffb99c18000 	C:\WINDOWS\System32\NSI.dll
0x00007ffb8aa30000 - 0x00007ffb8aa42000 	C:\WINDOWS\System32\winrnr.dll
0x00007ffb87840000 - 0x00007ffb878bf000 	C:\WINDOWS\System32\fwpuclnt.dll
0x00007ffb979e0000 - 0x00007ffb97a07000 	C:\WINDOWS\System32\bcrypt.dll
0x00007ffb87830000 - 0x00007ffb8783a000 	C:\Windows\System32\rasadhlp.dll
0x00007ffb6d610000 - 0x00007ffb6d62a000 	C:\Program Files\Java\jre1.8.0_211\bin\net.dll
0x00007ffb89610000 - 0x00007ffb897fb000 	C:\WINDOWS\SYSTEM32\urlmon.dll
0x00007ffb89830000 - 0x00007ffb89ae0000 	C:\WINDOWS\SYSTEM32\iertutil.dll
0x00007ffb8b140000 - 0x00007ffb8b168000 	C:\WINDOWS\SYSTEM32\srvcli.dll
0x00007ffb96d50000 - 0x00007ffb96d5c000 	C:\WINDOWS\SYSTEM32\netutils.dll
0x00007ffb970f0000 - 0x00007ffb97108000 	C:\WINDOWS\SYSTEM32\CRYPTSP.dll
0x00007ffb96880000 - 0x00007ffb968b4000 	C:\WINDOWS\system32\rsaenh.dll
0x00007ffb976e0000 - 0x00007ffb9770e000 	C:\WINDOWS\SYSTEM32\USERENV.dll
0x00007ffb97b90000 - 0x00007ffb97c12000 	C:\WINDOWS\System32\bcryptprimitives.dll
0x00007ffb97110000 - 0x00007ffb9711c000 	C:\WINDOWS\SYSTEM32\CRYPTBASE.dll
0x00007ffb8f140000 - 0x00007ffb8f157000 	C:\WINDOWS\SYSTEM32\dhcpcsvc6.DLL
0x00007ffb8f550000 - 0x00007ffb8f56d000 	C:\WINDOWS\SYSTEM32\dhcpcsvc.DLL
0x00007ffb6c280000 - 0x00007ffb6c292000 	C:\Program Files\Java\jre1.8.0_211\bin\nio.dll
0x00007ffb94b20000 - 0x00007ffb94b2d000 	C:\Program Files\Java\jre1.8.0_211\bin\management.dll
0x00007ffb94c60000 - 0x00007ffb94cf0000 	C:\WINDOWS\system32\apphelp.dll
0x00007ffb60520000 - 0x00007ffb60544000 	C:\Program Files\Java\jre1.8.0_211\bin\sunec.dll
0x00007ffb94b40000 - 0x00007ffb94b4b000 	C:\Program Files\Java\jre1.8.0_211\bin\sunmscapi.dll
0x00007ffb97880000 - 0x00007ffb979d6000 	C:\WINDOWS\System32\CRYPT32.dll

VM Arguments:
jvm_args: -agentlib:jdwp=transport=dt_socket,suspend=y,address=localhost:3112 -ea -Dfile.encoding=Cp1252 
java_command: org.testng.remote.RemoteTestNG -serport 3111 -protocol json -d D:\Automation\Selenium-workspace\SalesForceAutomation\test-output C:\Users\seema\AppData\Local\Temp\testng-eclipse-539626667\testng-customsuite.xml
java_class_path (initial): C:\Users\seema\eclipse\java-2019-03\eclipse\configuration\org.eclipse.osgi\525\0\.cp\lib\testng-remote.jar;D:\Automation\Selenium-workspace\SalesForceAutomation\target\test-classes;D:\Automation\Selenium-workspace\SalesForceAutomation\target\classes;C:\Users\seema\.p2\pool\plugins\org.testng_6.14.3.r201802240500.jar;C:\Users\seema\.p2\pool\plugins\com.beust.jcommander_1.72.0.jar;C:\Users\seema\.p2\pool\plugins\org.apache-extras.beanshell.bsh_2.0.0.b6.jar;C:\Users\seema\.p2\pool\plugins\org.yaml.snakeyaml_1.17.0.jar;C:\Users\seema\.m2\repository\org\seleniumhq\selenium\selenium-java\4.11.0\selenium-java-4.11.0.jar;C:\Users\seema\.m2\repository\org\seleniumhq\selenium\selenium-api\4.11.0\selenium-api-4.11.0.jar;C:\Users\seema\.m2\repository\org\seleniumhq\selenium\selenium-chrome-driver\4.11.0\selenium-chrome-driver-4.11.0.jar;C:\Users\seema\.m2\repository\com\google\auto\service\auto-service-annotations\1.0.1\auto-service-annotations-1.0.1.jar;C:\Users\seema\.m2\repository\com\google\guava\guava\31.1-jre\guava-31.1-jre.jar;C:\Users\seema\.m2\repository\com\google\guava\failureaccess\1.0.1\failureaccess-1.0.1.jar;C:\Users\seema\.m2\repository\com\google\guava\listenablefuture\9999.0-empty-to-avoid-conflict-with-guava\listenablefuture-9999.0-empty-to-avoid-conflict-with-guava.jar;C:\Users\seema\.m2\repository\com\google\code\findbugs\jsr305\3.0.2\jsr305-3.0.2.jar;C:\Users\seema\.m2\repository\org\checkerframework\checker-qual\3.12.0\checker-qual-3.12.0.jar;C:\Users\seema\.m2\repository\com\google\errorprone\error_prone_annotations\2.11.0\error_prone_annotations-2.11.0.jar;C:\Users\seema\.m2\repository\com\google\j2objc\j2objc-annotations\1.3\j2objc-annotations-1.3.jar;C:\Users\seema\.m2\repository\org\seleniumhq\selenium\selenium-chromium-driver\4.11.0\selenium-chromium-driver-4.11.0.jar;C:\Users\seema\.m2\repository\org\seleniumhq\selenium\selenium-json\4.11.0\selenium-json-4.11.0.jar;C:\Users\seema\.m2\repository\org\seleniumhq\selenium\s
Launcher Type: SUN_STANDARD

Environment Variables:
JAVA_HOME=C:\Program Files\Java\jdk-17\bin
PATH=C:/Program Files/Java/jre1.8.0_211/bin/server;C:/Program Files/Java/jre1.8.0_211/bin;C:/Program Files/Java/jre1.8.0_211/lib/amd64;C:\Program Files\Common Files\Oracle\Java\javapath;C:\Program Files (x86)\Common Files\Oracle\Java\javapath;C:\Program Files (x86)\Intel\Intel(R) Management Engine Components\iCLS\;C:\Program Files\Intel\Intel(R) Management Engine Components\iCLS\;C:\WINDOWS\system32;C:\WINDOWS;C:\WINDOWS\System32\Wbem;C:\WINDOWS\System32\WindowsPowerShell\v1.0\;C:\Program Files (x86)\Intel\Intel(R) Management Engine Components\DAL;C:\Program Files\Intel\Intel(R) Management Engine Components\DAL;C:\Program Files (x86)\Intel\Intel(R) Management Engine Components\IPT;C:\Program Files\Intel\Intel(R) Management Engine Components\IPT;C:\WINDOWS\System32\OpenSSH\;C:\Program Files\Intel\WiFi\bin\;C:\Program Files\Common Files\Intel\WirelessCommon\;C:\Program Files\Java\jdk-17\bin;C:\Program Files\Java\apache-maven-3.9.4\bin;C:\Program Files\Git\cmd;C:\Program Files\Git\mingw64\bin;C:\Program Files\Git\usr\bin;C:\Users\seema\AppData\Local\Microsoft\WindowsApps;C:\Users\seema\AppData\Local\Programs\Microsoft VS Code\bin;C:\Users\seema\AppData\Local\GitHubDesktop\bin;C:\Users\seema\OneDrive\Desktop;
USERNAME=seema
OS=Windows_NT
PROCESSOR_IDENTIFIER=Intel64 Family 6 Model 142 Stepping 10, GenuineIntel



---------------  S Y S T E M  ---------------

OS: Windows 10.0 , 64 bit Build 19041 (10.0.19041.1348)

CPU:total 8 (initial active 8) (4 cores per cpu, 2 threads per core) family 6 model 142 stepping 10, cmov, cx8, fxsr, mmx, sse, sse2, sse3, ssse3, sse4.1, sse4.2, popcnt, avx, avx2, aes, clmul, erms, 3dnowpref, lzcnt, ht, tsc, tscinvbit, bmi1, bmi2, adx

Memory: 4k page, physical 16618856k(2872748k free), swap 66950504k(5332k free)

vm_info: Java HotSpot(TM) 64-Bit Server VM (25.211-b12) for windows-amd64 JRE (1.8.0_211-b12), built on Apr  1 2019 20:53:26 by "java_re" with MS VC++ 10.0 (VS2010)

time: Tue Sep 12 21:51:42 2023
timezone: Eastern Daylight Time
elapsed time: 26 seconds (0d 0h 0m 26s)

