#
# There is insufficient memory for the Java Runtime Environment to continue.
# Native memory allocation (malloc) failed to allocate 65552 bytes for Chunk::new
# Possible reasons:
#   The system is out of physical RAM or swap space
#   The process is running with CompressedOops enabled, and the Java Heap may be blocking the growth of the native heap
# Possible solutions:
#   Reduce memory load on the system
#   Increase physical memory or swap space
#   Check if swap backing store is full
#   Decrease Java heap size (-Xmx/-Xms)
#   Decrease number of Java threads
#   Decrease Java thread stack sizes (-Xss)
#   Set larger code cache with -XX:ReservedCodeCacheSize=
#   JVM is running with Zero Based Compressed Oops mode in which the Java heap is
#     placed in the first 32GB address space. The Java Heap base address is the
#     maximum limit for the native heap growth. Please use -XX:HeapBaseMinAddress
#     to set the Java Heap base and to place the Java Heap above 32GB virtual address.
# This output file may be truncated or incomplete.
#
#  Out of Memory Error (allocation.cpp:389), pid=17528, tid=0x00000000000031fc
#
# JRE version: Java(TM) SE Runtime Environment (8.0_211-b12) (build 1.8.0_211-b12)
# Java VM: Java HotSpot(TM) 64-Bit Server VM (25.211-b12 mixed mode windows-amd64 compressed oops)
# Failed to write core dump. Minidumps are not enabled by default on client versions of Windows
#

---------------  T H R E A D  ---------------

Current thread (0x000000001eb79000):  JavaThread "C2 CompilerThread0" daemon [_thread_in_native, id=12796, stack(0x000000001f960000,0x000000001fa60000)]

Stack: [0x000000001f960000,0x000000001fa60000]
[error occurred during error reporting (printing stack bounds), id 0xc0000005]

Native frames: (J=compiled Java code, j=interpreted, Vv=VM code, C=native code)


Current CompileTask:
C2:  30068 2058       4       java.net.URLClassLoader$1::run (5 bytes)


---------------  P R O C E S S  ---------------

Java Threads: ( => current thread )
  0x000000001eb86800 JavaThread "AsyncHttpClient-1-2" daemon [_thread_in_native, id=31128, stack(0x0000000024540000,0x0000000024640000)]
  0x0000000021d6f000 JavaThread "UrlChecker-2" daemon [_thread_blocked, id=27828, stack(0x0000000024140000,0x0000000024240000)]
  0x0000000021d99800 JavaThread "Driver Service Executor" daemon [_thread_blocked, id=13564, stack(0x0000000024040000,0x0000000024140000)]
  0x0000000021d99000 JavaThread "Driver Service Executor" daemon [_thread_blocked, id=2460, stack(0x0000000023f40000,0x0000000024040000)]
  0x00000000202e9800 JavaThread "Exec Stream Pumper" daemon [_thread_in_native, id=22684, stack(0x0000000023e40000,0x0000000023f40000)]
  0x00000000202e8800 JavaThread "Exec Stream Pumper" daemon [_thread_in_native, id=23384, stack(0x0000000023d40000,0x0000000023e40000)]
  0x00000000202e8000 JavaThread "Exec Default Executor" daemon [_thread_in_native, id=17612, stack(0x0000000023940000,0x0000000023a40000)]
  0x0000000021c33800 JavaThread "AsyncHttpClient-1-1" daemon [_thread_blocked, id=6924, stack(0x0000000023440000,0x0000000023540000)]
  0x00000000203a0000 JavaThread "ReaderThread" [_thread_in_native, id=29308, stack(0x0000000020860000,0x0000000020960000)]
  0x000000001ec21000 JavaThread "Service Thread" daemon [_thread_blocked, id=19580, stack(0x000000001fd60000,0x000000001fe60000)]
  0x000000001eb8d800 JavaThread "C1 CompilerThread3" daemon [_thread_in_vm, id=784, stack(0x000000001fc60000,0x000000001fd60000)]
  0x000000001eb84800 JavaThread "C2 CompilerThread2" daemon [_thread_blocked, id=25224, stack(0x000000001fb60000,0x000000001fc60000)]
  0x000000001eb80000 JavaThread "C2 CompilerThread1" daemon [_thread_blocked, id=14676, stack(0x000000001fa60000,0x000000001fb60000)]
=>0x000000001eb79000 JavaThread "C2 CompilerThread0" daemon [_thread_in_native, id=12796, stack(0x000000001f960000,0x000000001fa60000)]
  0x000000001eb6b000 JavaThread "JDWP Command Reader" daemon [_thread_in_native, id=31680, stack(0x000000001f860000,0x000000001f960000)]
  0x000000001eb68000 JavaThread "JDWP Event Helper Thread" daemon [_thread_blocked, id=14288, stack(0x000000001f760000,0x000000001f860000)]
  0x000000001eb5d800 JavaThread "JDWP Transport Listener: dt_socket" daemon [_thread_blocked, id=8008, stack(0x000000001f660000,0x000000001f760000)]
  0x000000001eb53800 JavaThread "Attach Listener" daemon [_thread_blocked, id=13244, stack(0x000000001f220000,0x000000001f320000)]
  0x000000001eb52800 JavaThread "Signal Dispatcher" daemon [_thread_blocked, id=24952, stack(0x000000001f120000,0x000000001f220000)]
  0x000000001cc44800 JavaThread "Finalizer" daemon [_thread_blocked, id=30368, stack(0x000000001ef20000,0x000000001f020000)]
  0x000000001cc3d800 JavaThread "Reference Handler" daemon [_thread_blocked, id=7724, stack(0x000000001ea20000,0x000000001eb20000)]
  0x0000000003197000 JavaThread "Forwarding newSession on session null to remote" [_thread_in_Java, id=23856, stack(0x0000000003090000,0x0000000003190000)]

Other Threads:
  0x000000001cc35800 VMThread [stack: 0x000000001e920000,0x000000001ea20000] [id=5416]
  0x000000001ec94800 WatcherThread [stack: 0x000000001fe60000,0x000000001ff60000] [id=27756]

VM state:not at safepoint (normal execution)

VM Mutex/Monitor currently owned by a thread: None

heap address: 0x00000006c2600000, size: 4058 MB, Compressed Oops mode: Zero based, Oop shift amount: 3
Narrow klass base: 0x0000000000000000, Narrow klass shift: 3
Compressed class space size: 1073741824 Address: 0x00000007c0000000

Heap:
 PSYoungGen      total 75776K, used 60038K [0x000000076b780000, 0x0000000770c00000, 0x00000007c0000000)
  eden space 65024K, 92% used [0x000000076b780000,0x000000076f221ae8,0x000000076f700000)
  from space 10752K, 0% used [0x0000000770180000,0x0000000770180000,0x0000000770c00000)
  to   space 10752K, 0% used [0x000000076f700000,0x000000076f700000,0x0000000770180000)
 ParOldGen       total 74240K, used 8903K [0x00000006c2600000, 0x00000006c6e80000, 0x000000076b780000)
  object space 74240K, 11% used [0x00000006c2600000,0x00000006c2eb1f38,0x00000006c6e80000)
 Metaspace       used 29469K, capacity 30450K, committed 30768K, reserved 1075200K
  class space    used 3852K, capacity 4069K, committed 4144K, reserved 1048576K

Card table byte_map: [0x0000000012650000,0x0000000012e40000] byte_map_base: 0x000000000f03d000

Marking Bits: (ParMarkBitMap*) 0x000000006db85ce0
 Begin Bits: [0x0000000013b90000, 0x0000000017af8000)
 End Bits:   [0x0000000017af8000, 0x000000001ba60000)

Polling page: 0x00000000014d0000

CodeCache: size=245760Kb used=7431Kb max_used=7442Kb free=238328Kb
 bounds [0x0000000003290000, 0x00000000039e0000, 0x0000000012290000]
 total_blobs=2642 nmethods=2089 adapters=473
 compilation: enabled

Compilation events (10 events):
Event: 30.049 Thread 0x000000001eb8d800 nmethod 2085 0x00000000039d0150 code [0x00000000039d02e0, 0x00000000039d0928]
Event: 30.049 Thread 0x000000001eb8d800 2086       3       java.lang.invoke.LambdaForm$DMH/1496949625::invokeStatic_L6_L (24 bytes)
Event: 30.050 Thread 0x000000001eb8d800 nmethod 2086 0x00000000039c8890 code [0x00000000039c8a20, 0x00000000039c9018]
Event: 30.050 Thread 0x000000001eb8d800 2087       3       java.lang.invoke.MethodHandleNatives::linkCallSite (65 bytes)
Event: 30.050 Thread 0x000000001eb80000 2089       4       java.lang.ref.Finalizer::register (10 bytes)
Event: 30.051 Thread 0x000000001eb8d800 nmethod 2087 0x00000000039d0b10 code [0x00000000039d0cc0, 0x00000000039d12c8]
Event: 30.051 Thread 0x000000001eb8d800 2088       3       java.lang.invoke.ConstantCallSite::<init> (11 bytes)
Event: 30.051 Thread 0x000000001eb8d800 nmethod 2088 0x00000000039d1510 code [0x00000000039d1680, 0x00000000039d1950]
Event: 30.057 Thread 0x000000001eb80000 nmethod 2089 0x00000000039d4a10 code [0x00000000039d4b80, 0x00000000039d4f18]
Event: 30.057 Thread 0x000000001eb80000 2090   !   4       java.lang.ref.Finalizer::add (41 bytes)

GC Heap History (6 events):
Event: 1.862 GC heap before
{Heap before GC invocations=1 (full 0):
 PSYoungGen      total 75776K, used 65024K [0x000000076b780000, 0x0000000770c00000, 0x00000007c0000000)
  eden space 65024K, 100% used [0x000000076b780000,0x000000076f700000,0x000000076f700000)
  from space 10752K, 0% used [0x0000000770180000,0x0000000770180000,0x0000000770c00000)
  to   space 10752K, 0% used [0x000000076f700000,0x000000076f700000,0x0000000770180000)
 ParOldGen       total 173568K, used 0K [0x00000006c2600000, 0x00000006ccf80000, 0x000000076b780000)
  object space 173568K, 0% used [0x00000006c2600000,0x00000006c2600000,0x00000006ccf80000)
 Metaspace       used 12671K, capacity 12872K, committed 13184K, reserved 1060864K
  class space    used 1542K, capacity 1628K, committed 1664K, reserved 1048576K
Event: 1.869 GC heap after
Heap after GC invocations=1 (full 0):
 PSYoungGen      total 75776K, used 7190K [0x000000076b780000, 0x0000000770c00000, 0x00000007c0000000)
  eden space 65024K, 0% used [0x000000076b780000,0x000000076b780000,0x000000076f700000)
  from space 10752K, 66% used [0x000000076f700000,0x000000076fe05a60,0x0000000770180000)
  to   space 10752K, 0% used [0x0000000770180000,0x0000000770180000,0x0000000770c00000)
 ParOldGen       total 173568K, used 80K [0x00000006c2600000, 0x00000006ccf80000, 0x000000076b780000)
  object space 173568K, 0% used [0x00000006c2600000,0x00000006c2614010,0x00000006ccf80000)
 Metaspace       used 12671K, capacity 12872K, committed 13184K, reserved 1060864K
  class space    used 1542K, capacity 1628K, committed 1664K, reserved 1048576K
}
Event: 4.618 GC heap before
{Heap before GC invocations=2 (full 0):
 PSYoungGen      total 75776K, used 68772K [0x000000076b780000, 0x0000000770c00000, 0x00000007c0000000)
  eden space 65024K, 94% used [0x000000076b780000,0x000000076f3a3948,0x000000076f700000)
  from space 10752K, 66% used [0x000000076f700000,0x000000076fe05a60,0x0000000770180000)
  to   space 10752K, 0% used [0x0000000770180000,0x0000000770180000,0x0000000770c00000)
 ParOldGen       total 173568K, used 80K [0x00000006c2600000, 0x00000006ccf80000, 0x000000076b780000)
  object space 173568K, 0% used [0x00000006c2600000,0x00000006c2614010,0x00000006ccf80000)
 Metaspace       used 20830K, capacity 21234K, committed 21296K, reserved 1067008K
  class space    used 2700K, capacity 2837K, committed 2864K, reserved 1048576K
Event: 4.627 GC heap after
Heap after GC invocations=2 (full 0):
 PSYoungGen      total 75776K, used 9338K [0x000000076b780000, 0x0000000770c00000, 0x00000007c0000000)
  eden space 65024K, 0% used [0x000000076b780000,0x000000076b780000,0x000000076f700000)
  from space 10752K, 86% used [0x0000000770180000,0x0000000770a9e8f8,0x0000000770c00000)
  to   space 10752K, 0% used [0x000000076f700000,0x000000076f700000,0x0000000770180000)
 ParOldGen       total 173568K, used 88K [0x00000006c2600000, 0x00000006ccf80000, 0x000000076b780000)
  object space 173568K, 0% used [0x00000006c2600000,0x00000006c2616010,0x00000006ccf80000)
 Metaspace       used 20830K, capacity 21234K, committed 21296K, reserved 1067008K
  class space    used 2700K, capacity 2837K, committed 2864K, reserved 1048576K
}
Event: 4.627 GC heap before
{Heap before GC invocations=3 (full 1):
 PSYoungGen      total 75776K, used 9338K [0x000000076b780000, 0x0000000770c00000, 0x00000007c0000000)
  eden space 65024K, 0% used [0x000000076b780000,0x000000076b780000,0x000000076f700000)
  from space 10752K, 86% used [0x0000000770180000,0x0000000770a9e8f8,0x0000000770c00000)
  to   space 10752K, 0% used [0x000000076f700000,0x000000076f700000,0x0000000770180000)
 ParOldGen       total 173568K, used 88K [0x00000006c2600000, 0x00000006ccf80000, 0x000000076b780000)
  object space 173568K, 0% used [0x00000006c2600000,0x00000006c2616010,0x00000006ccf80000)
 Metaspace       used 20830K, capacity 21234K, committed 21296K, reserved 1067008K
  class space    used 2700K, capacity 2837K, committed 2864K, reserved 1048576K
Event: 4.657 GC heap after
Heap after GC invocations=3 (full 1):
 PSYoungGen      total 75776K, used 0K [0x000000076b780000, 0x0000000770c00000, 0x00000007c0000000)
  eden space 65024K, 0% used [0x000000076b780000,0x000000076b780000,0x000000076f700000)
  from space 10752K, 0% used [0x0000000770180000,0x0000000770180000,0x0000000770c00000)
  to   space 10752K, 0% used [0x000000076f700000,0x000000076f700000,0x0000000770180000)
 ParOldGen       total 74240K, used 8903K [0x00000006c2600000, 0x00000006c6e80000, 0x000000076b780000)
  object space 74240K, 11% used [0x00000006c2600000,0x00000006c2eb1f38,0x00000006c6e80000)
 Metaspace       used 20830K, capacity 21234K, committed 21296K, reserved 1067008K
  class space    used 2700K, capacity 2837K, committed 2864K, reserved 1048576K
}

Deoptimization events (10 events):
Event: 30.030 Thread 0x0000000003197000 Uncommon trap: reason=unhandled action=none pc=0x0000000003853824 method=java.net.URLClassLoader.findClass(Ljava/lang/String;)Ljava/lang/Class; @ 44
Event: 30.031 Thread 0x0000000003197000 Uncommon trap: reason=unhandled action=none pc=0x0000000003853824 method=java.net.URLClassLoader.findClass(Ljava/lang/String;)Ljava/lang/Class; @ 44
Event: 30.037 Thread 0x0000000003197000 Uncommon trap: reason=unhandled action=none pc=0x0000000003853824 method=java.net.URLClassLoader.findClass(Ljava/lang/String;)Ljava/lang/Class; @ 44
Event: 30.039 Thread 0x0000000003197000 Uncommon trap: reason=unhandled action=none pc=0x0000000003853824 method=java.net.URLClassLoader.findClass(Ljava/lang/String;)Ljava/lang/Class; @ 44
Event: 30.040 Thread 0x0000000003197000 Uncommon trap: reason=unhandled action=none pc=0x0000000003853824 method=java.net.URLClassLoader.findClass(Ljava/lang/String;)Ljava/lang/Class; @ 44
Event: 30.047 Thread 0x0000000003197000 Uncommon trap: reason=unhandled action=none pc=0x0000000003853824 method=java.net.URLClassLoader.findClass(Ljava/lang/String;)Ljava/lang/Class; @ 44
Event: 30.050 Thread 0x0000000003197000 Uncommon trap: reason=unhandled action=none pc=0x0000000003853824 method=java.net.URLClassLoader.findClass(Ljava/lang/String;)Ljava/lang/Class; @ 44
Event: 30.052 Thread 0x0000000003197000 Uncommon trap: reason=unhandled action=none pc=0x0000000003853824 method=java.net.URLClassLoader.findClass(Ljava/lang/String;)Ljava/lang/Class; @ 44
Event: 30.056 Thread 0x0000000003197000 Uncommon trap: reason=unhandled action=none pc=0x0000000003853824 method=java.net.URLClassLoader.findClass(Ljava/lang/String;)Ljava/lang/Class; @ 44
Event: 30.057 Thread 0x0000000003197000 Uncommon trap: reason=unhandled action=none pc=0x0000000003853824 method=java.net.URLClassLoader.findClass(Ljava/lang/String;)Ljava/lang/Class; @ 44

Classes redefined (0 events):
No events

Internal exceptions (10 events):
Event: 5.317 Thread 0x0000000003197000 Exception <a 'java/lang/IncompatibleClassChangeError': Found class java.lang.Object, but interface was expected> (0x000000076d152db0) thrown at [C:\re\workspace\8-2-build-windows-amd64-cygwin\jdk8u211\12973\hotspot\src\share\vm\interpreter\linkResolver.cp
Event: 5.319 Thread 0x0000000003197000 Exception <a 'java/lang/NoSuchMethodError': java.lang.Object.lambda$or$2(Ljava/util/function/Predicate;Ljava/lang/Object;)Z> (0x000000076d15fa20) thrown at [C:\re\workspace\8-2-build-windows-amd64-cygwin\jdk8u211\12973\hotspot\src\share\vm\interpreter\lin
Event: 5.932 Thread 0x0000000021d6f000 Exception <a 'java/net/SocketTimeoutException': connect timed out> (0x000000076d50c370) thrown at [C:\re\workspace\8-2-build-windows-amd64-cygwin\jdk8u211\12973\hotspot\src\share\vm\prims\jni.cpp, line 736]
Event: 5.989 Thread 0x0000000003197000 Exception <a 'java/lang/NoSuchMethodError': java.lang.Object.lambda$chars$0()Ljava/util/Spliterator$OfInt;> (0x000000076d675cc8) thrown at [C:\re\workspace\8-2-build-windows-amd64-cygwin\jdk8u211\12973\hotspot\src\share\vm\interpreter\linkResolver.cpp, li
Event: 6.032 Thread 0x0000000003197000 Exception <a 'java/lang/NoSuchMethodError': java.lang.Object.lambda$negate$1(Ljava/lang/Object;)Z> (0x000000076d8fe950) thrown at [C:\re\workspace\8-2-build-windows-amd64-cygwin\jdk8u211\12973\hotspot\src\share\vm\interpreter\linkResolver.cpp, line 620]
Event: 6.408 Thread 0x000000001eb86800 Exception <a 'java/lang/ArrayIndexOutOfBoundsException': 70> (0x000000076e579aa8) thrown at [C:\re\workspace\8-2-build-windows-amd64-cygwin\jdk8u211\12973\hotspot\src\share\vm\interpreter\interpreterRuntime.cpp, line 368]
Event: 6.408 Thread 0x000000001eb86800 Exception <a 'java/lang/ArrayIndexOutOfBoundsException': 114> (0x000000076e57b0d0) thrown at [C:\re\workspace\8-2-build-windows-amd64-cygwin\jdk8u211\12973\hotspot\src\share\vm\interpreter\interpreterRuntime.cpp, line 368]
Event: 6.409 Thread 0x000000001eb86800 Exception <a 'java/lang/ArrayIndexOutOfBoundsException': 69> (0x000000076e57e848) thrown at [C:\re\workspace\8-2-build-windows-amd64-cygwin\jdk8u211\12973\hotspot\src\share\vm\interpreter\interpreterRuntime.cpp, line 368]
Event: 6.409 Thread 0x000000001eb86800 Exception <a 'java/lang/ArrayIndexOutOfBoundsException': 90> (0x000000076e57f9c0) thrown at [C:\re\workspace\8-2-build-windows-amd64-cygwin\jdk8u211\12973\hotspot\src\share\vm\interpreter\interpreterRuntime.cpp, line 368]
Event: 30.032 Thread 0x0000000003197000 Exception <a 'java/lang/NoSuchMethodError': java.lang.Object.lambda$getResponseFunction$0(Lorg/openqa/selenium/remote/InitialHandshakeResponse;)Lorg/openqa/selenium/remote/ProtocolHandshake$Result;> (0x000000076f0ee6a8) thrown at [C:\re\workspace\8-2-buil

Events (10 events):
Event: 30.056 Thread 0x0000000003197000 DEOPT UNPACKING pc=0x00000000032d583b sp=0x000000000318c3f8 mode 2
Event: 30.057 Executing VM operation: RevokeBias
Event: 30.057 Executing VM operation: RevokeBias done
Event: 30.057 Executing VM operation: RevokeBias
Event: 30.057 Executing VM operation: RevokeBias done
Event: 30.057 loading class com/google/common/base/Splitter$Strategy
Event: 30.057 loading class com/google/common/base/Splitter$Strategy done
Event: 30.057 Thread 0x0000000003197000 Uncommon trap: trap_request=0xffffffa7 fr.pc=0x0000000003853824
Event: 30.057 Thread 0x0000000003197000 DEOPT PACKING pc=0x0000000003853824 sp=0x000000000318ae80
Event: 30.057 Thread 0x0000000003197000 DEOPT UNPACKING pc=0x00000000032d583b sp=0x000000000318ad78 mode 2


Dynamic libraries:
0x00007ff7f3e70000 - 0x00007ff7f3ea7000 	C:\Program Files\Java\jre1.8.0_211\bin\javaw.exe
0x00007ffb9a110000 - 0x00007ffb9a305000 	C:\WINDOWS\SYSTEM32\ntdll.dll
0x00007ffb99ee0000 - 0x00007ffb99f9e000 	C:\WINDOWS\System32\KERNEL32.DLL
0x00007ffb97d30000 - 0x00007ffb97ff8000 	C:\WINDOWS\System32\KERNELBASE.dll
0x00007ffb99440000 - 0x00007ffb994ec000 	C:\WINDOWS\System32\ADVAPI32.dll
0x00007ffb98160000 - 0x00007ffb981fe000 	C:\WINDOWS\System32\msvcrt.dll
0x00007ffb99b10000 - 0x00007ffb99bab000 	C:\WINDOWS\System32\sechost.dll
0x00007ffb99db0000 - 0x00007ffb99eda000 	C:\WINDOWS\System32\RPCRT4.dll
0x00007ffb99290000 - 0x00007ffb99431000 	C:\WINDOWS\System32\USER32.dll
0x00007ffb97a10000 - 0x00007ffb97a32000 	C:\WINDOWS\System32\win32u.dll
0x00007ffb985f0000 - 0x00007ffb9861b000 	C:\WINDOWS\System32\GDI32.dll
0x00007ffb97c20000 - 0x00007ffb97d2d000 	C:\WINDOWS\System32\gdi32full.dll
0x00007ffb98000000 - 0x00007ffb9809d000 	C:\WINDOWS\System32\msvcp_win.dll
0x00007ffb97a40000 - 0x00007ffb97b40000 	C:\WINDOWS\System32\ucrtbase.dll
0x00007ffb80890000 - 0x00007ffb80b2a000 	C:\WINDOWS\WinSxS\amd64_microsoft.windows.common-controls_6595b64144ccf1df_6.0.19041.1110_none_60b5254171f9507e\COMCTL32.dll
0x00007ffb99260000 - 0x00007ffb99290000 	C:\WINDOWS\System32\IMM32.DLL
0x000000006cd70000 - 0x000000006ce42000 	C:\Program Files\Java\jre1.8.0_211\bin\msvcr100.dll
0x000000006d360000 - 0x000000006dc05000 	C:\Program Files\Java\jre1.8.0_211\bin\server\jvm.dll
0x00007ffb98150000 - 0x00007ffb98158000 	C:\WINDOWS\System32\PSAPI.DLL
0x00007ffb835e0000 - 0x00007ffb835e9000 	C:\WINDOWS\SYSTEM32\WSOCK32.dll
0x00007ffb991f0000 - 0x00007ffb9925b000 	C:\WINDOWS\System32\WS2_32.dll
0x00007ffb8d170000 - 0x00007ffb8d17a000 	C:\WINDOWS\SYSTEM32\VERSION.dll
0x00007ffb82850000 - 0x00007ffb82877000 	C:\WINDOWS\SYSTEM32\WINMM.dll
0x00007ffb94b20000 - 0x00007ffb94b2f000 	C:\Program Files\Java\jre1.8.0_211\bin\verify.dll
0x00007ffb8d490000 - 0x00007ffb8d4b9000 	C:\Program Files\Java\jre1.8.0_211\bin\java.dll
0x00007ffb8a440000 - 0x00007ffb8a475000 	C:\Program Files\Java\jre1.8.0_211\bin\jdwp.dll
0x00007ffb93d00000 - 0x00007ffb93d08000 	C:\Program Files\Java\jre1.8.0_211\bin\npt.dll
0x00007ffb91ea0000 - 0x00007ffb91eb6000 	C:\Program Files\Java\jre1.8.0_211\bin\zip.dll
0x00007ffb98620000 - 0x00007ffb98d64000 	C:\WINDOWS\System32\SHELL32.dll
0x00007ffb95470000 - 0x00007ffb95c04000 	C:\WINDOWS\SYSTEM32\windows.storage.dll
0x00007ffb98200000 - 0x00007ffb98555000 	C:\WINDOWS\System32\combase.dll
0x00007ffb97200000 - 0x00007ffb9722e000 	C:\WINDOWS\SYSTEM32\Wldp.dll
0x00007ffb99d00000 - 0x00007ffb99dad000 	C:\WINDOWS\System32\SHCORE.dll
0x00007ffb99960000 - 0x00007ffb999b5000 	C:\WINDOWS\System32\shlwapi.dll
0x00007ffb97760000 - 0x00007ffb9777f000 	C:\WINDOWS\SYSTEM32\profapi.dll
0x00007ffb8d440000 - 0x00007ffb8d449000 	C:\Program Files\Java\jre1.8.0_211\bin\dt_socket.dll
0x00007ffb8d130000 - 0x00007ffb8d147000 	C:\WINDOWS\system32\napinsp.dll
0x00007ffb8ab90000 - 0x00007ffb8abab000 	C:\WINDOWS\system32\pnrpnsp.dll
0x00007ffb930d0000 - 0x00007ffb930e5000 	C:\WINDOWS\system32\wshbth.dll
0x00007ffb93b10000 - 0x00007ffb93b2d000 	C:\WINDOWS\system32\NLAapi.dll
0x00007ffb96bf0000 - 0x00007ffb96c2b000 	C:\WINDOWS\SYSTEM32\IPHLPAPI.DLL
0x00007ffb96f00000 - 0x00007ffb96f6a000 	C:\WINDOWS\System32\mswsock.dll
0x00007ffb96c30000 - 0x00007ffb96cfb000 	C:\WINDOWS\SYSTEM32\DNSAPI.dll
0x00007ffb99c10000 - 0x00007ffb99c18000 	C:\WINDOWS\System32\NSI.dll
0x00007ffb8aa30000 - 0x00007ffb8aa42000 	C:\WINDOWS\System32\winrnr.dll
0x00007ffb87840000 - 0x00007ffb878bf000 	C:\WINDOWS\System32\fwpuclnt.dll
0x00007ffb979e0000 - 0x00007ffb97a07000 	C:\WINDOWS\System32\bcrypt.dll
0x00007ffb87830000 - 0x00007ffb8783a000 	C:\Windows\System32\rasadhlp.dll
0x00007ffb8d530000 - 0x00007ffb8d54a000 	C:\Program Files\Java\jre1.8.0_211\bin\net.dll
0x00007ffb89610000 - 0x00007ffb897fb000 	C:\WINDOWS\SYSTEM32\urlmon.dll
0x00007ffb89830000 - 0x00007ffb89ae0000 	C:\WINDOWS\SYSTEM32\iertutil.dll
0x00007ffb8b140000 - 0x00007ffb8b168000 	C:\WINDOWS\SYSTEM32\srvcli.dll
0x00007ffb96d50000 - 0x00007ffb96d5c000 	C:\WINDOWS\SYSTEM32\netutils.dll
0x00007ffb970f0000 - 0x00007ffb97108000 	C:\WINDOWS\SYSTEM32\CRYPTSP.dll
0x00007ffb96880000 - 0x00007ffb968b4000 	C:\WINDOWS\system32\rsaenh.dll
0x00007ffb976e0000 - 0x00007ffb9770e000 	C:\WINDOWS\SYSTEM32\USERENV.dll
0x00007ffb97b90000 - 0x00007ffb97c12000 	C:\WINDOWS\System32\bcryptprimitives.dll
0x00007ffb97110000 - 0x00007ffb9711c000 	C:\WINDOWS\SYSTEM32\CRYPTBASE.dll
0x00007ffb8f140000 - 0x00007ffb8f157000 	C:\WINDOWS\SYSTEM32\dhcpcsvc6.DLL
0x00007ffb8f550000 - 0x00007ffb8f56d000 	C:\WINDOWS\SYSTEM32\dhcpcsvc.DLL
0x00007ffb8d470000 - 0x00007ffb8d482000 	C:\Program Files\Java\jre1.8.0_211\bin\nio.dll
0x00007ffb8a410000 - 0x00007ffb8a41d000 	C:\Program Files\Java\jre1.8.0_211\bin\management.dll
0x00007ffb94c60000 - 0x00007ffb94cf0000 	C:\WINDOWS\system32\apphelp.dll
0x00007ffb8a480000 - 0x00007ffb8a4a4000 	C:\Program Files\Java\jre1.8.0_211\bin\sunec.dll
0x00007ffb8a370000 - 0x00007ffb8a37b000 	C:\Program Files\Java\jre1.8.0_211\bin\sunmscapi.dll
0x00007ffb97880000 - 0x00007ffb979d6000 	C:\WINDOWS\System32\CRYPT32.dll

VM Arguments:
jvm_args: -agentlib:jdwp=transport=dt_socket,suspend=y,address=localhost:3737 -ea -Dfile.encoding=Cp1252 
java_command: org.testng.remote.RemoteTestNG -serport 3736 -protocol json -d D:\Automation\Selenium-workspace\SalesForceAutomation\test-output C:\Users\seema\AppData\Local\Temp\testng-eclipse--1686971057\testng-customsuite.xml
java_class_path (initial): C:\Users\seema\eclipse\java-2019-03\eclipse\configuration\org.eclipse.osgi\525\0\.cp\lib\testng-remote.jar;D:\Automation\Selenium-workspace\SalesForceAutomation\target\test-classes;D:\Automation\Selenium-workspace\SalesForceAutomation\target\classes;C:\Users\seema\.p2\pool\plugins\org.testng_6.14.3.r201802240500.jar;C:\Users\seema\.p2\pool\plugins\com.beust.jcommander_1.72.0.jar;C:\Users\seema\.p2\pool\plugins\org.apache-extras.beanshell.bsh_2.0.0.b6.jar;C:\Users\seema\.p2\pool\plugins\org.yaml.snakeyaml_1.17.0.jar;C:\Users\seema\.m2\repository\org\seleniumhq\selenium\selenium-java\4.11.0\selenium-java-4.11.0.jar;C:\Users\seema\.m2\repository\org\seleniumhq\selenium\selenium-api\4.11.0\selenium-api-4.11.0.jar;C:\Users\seema\.m2\repository\org\seleniumhq\selenium\selenium-chrome-driver\4.11.0\selenium-chrome-driver-4.11.0.jar;C:\Users\seema\.m2\repository\com\google\auto\service\auto-service-annotations\1.0.1\auto-service-annotations-1.0.1.jar;C:\Users\seema\.m2\repository\com\google\guava\guava\31.1-jre\guava-31.1-jre.jar;C:\Users\seema\.m2\repository\com\google\guava\failureaccess\1.0.1\failureaccess-1.0.1.jar;C:\Users\seema\.m2\repository\com\google\guava\listenablefuture\9999.0-empty-to-avoid-conflict-with-guava\listenablefuture-9999.0-empty-to-avoid-conflict-with-guava.jar;C:\Users\seema\.m2\repository\com\google\code\findbugs\jsr305\3.0.2\jsr305-3.0.2.jar;C:\Users\seema\.m2\repository\org\checkerframework\checker-qual\3.12.0\checker-qual-3.12.0.jar;C:\Users\seema\.m2\repository\com\google\errorprone\error_prone_annotations\2.11.0\error_prone_annotations-2.11.0.jar;C:\Users\seema\.m2\repository\com\google\j2objc\j2objc-annotations\1.3\j2objc-annotations-1.3.jar;C:\Users\seema\.m2\repository\org\seleniumhq\selenium\selenium-chromium-driver\4.11.0\selenium-chromium-driver-4.11.0.jar;C:\Users\seema\.m2\repository\org\seleniumhq\selenium\selenium-json\4.11.0\selenium-json-4.11.0.jar;C:\Users\seema\.m2\repository\org\seleniumhq\selenium\s
Launcher Type: SUN_STANDARD

Environment Variables:
JAVA_HOME=C:\Program Files\Java\jdk-17\bin
PATH=C:/Program Files/Java/jre1.8.0_211/bin/server;C:/Program Files/Java/jre1.8.0_211/bin;C:/Program Files/Java/jre1.8.0_211/lib/amd64;C:\Program Files\Common Files\Oracle\Java\javapath;C:\Program Files (x86)\Common Files\Oracle\Java\javapath;C:\Program Files (x86)\Intel\Intel(R) Management Engine Components\iCLS\;C:\Program Files\Intel\Intel(R) Management Engine Components\iCLS\;C:\WINDOWS\system32;C:\WINDOWS;C:\WINDOWS\System32\Wbem;C:\WINDOWS\System32\WindowsPowerShell\v1.0\;C:\Program Files (x86)\Intel\Intel(R) Management Engine Components\DAL;C:\Program Files\Intel\Intel(R) Management Engine Components\DAL;C:\Program Files (x86)\Intel\Intel(R) Management Engine Components\IPT;C:\Program Files\Intel\Intel(R) Management Engine Components\IPT;C:\WINDOWS\System32\OpenSSH\;C:\Program Files\Intel\WiFi\bin\;C:\Program Files\Common Files\Intel\WirelessCommon\;C:\Program Files\Java\jdk-17\bin;C:\Program Files\Java\apache-maven-3.9.4\bin;C:\Program Files\Git\cmd;C:\Program Files\Git\mingw64\bin;C:\Program Files\Git\usr\bin;C:\Users\seema\AppData\Local\Microsoft\WindowsApps;C:\Users\seema\AppData\Local\Programs\Microsoft VS Code\bin;C:\Users\seema\AppData\Local\GitHubDesktop\bin;C:\Users\seema\OneDrive\Desktop;
USERNAME=seema
OS=Windows_NT
PROCESSOR_IDENTIFIER=Intel64 Family 6 Model 142 Stepping 10, GenuineIntel



---------------  S Y S T E M  ---------------

OS: Windows 10.0 , 64 bit Build 19041 (10.0.19041.1348)

CPU:total 8 (initial active 8) (4 cores per cpu, 2 threads per core) family 6 model 142 stepping 10, cmov, cx8, fxsr, mmx, sse, sse2, sse3, ssse3, sse4.1, sse4.2, popcnt, avx, avx2, aes, clmul, erms, 3dnowpref, lzcnt, ht, tsc, tscinvbit, bmi1, bmi2, adx

Memory: 4k page, physical 16618856k(2881392k free), swap 66950504k(5348k free)

vm_info: Java HotSpot(TM) 64-Bit Server VM (25.211-b12) for windows-amd64 JRE (1.8.0_211-b12), built on Apr  1 2019 20:53:26 by "java_re" with MS VC++ 10.0 (VS2010)

time: Tue Sep 12 22:25:46 2023
timezone: Eastern Daylight Time
elapsed time: 30 seconds (0d 0h 0m 30s)

