#
# There is insufficient memory for the Java Runtime Environment to continue.
# Native memory allocation (malloc) failed to allocate 678176 bytes for Chunk::new
# Possible reasons:
#   The system is out of physical RAM or swap space
#   The process is running with CompressedOops enabled, and the Java Heap may be blocking the growth of the native heap
# Possible solutions:
#   Reduce memory load on the system
#   Increase physical memory or swap space
#   Check if swap backing store is full
#   Decrease Java heap size (-Xmx/-Xms)
#   Decrease number of Java threads
#   Decrease Java thread stack sizes (-Xss)
#   Set larger code cache with -XX:ReservedCodeCacheSize=
#   JVM is running with Zero Based Compressed Oops mode in which the Java heap is
#     placed in the first 32GB address space. The Java Heap base address is the
#     maximum limit for the native heap growth. Please use -XX:HeapBaseMinAddress
#     to set the Java Heap base and to place the Java Heap above 32GB virtual address.
# This output file may be truncated or incomplete.
#
#  Out of Memory Error (allocation.cpp:389), pid=20504, tid=0x000000000000741c
#
# JRE version: Java(TM) SE Runtime Environment (8.0_211-b12) (build 1.8.0_211-b12)
# Java VM: Java HotSpot(TM) 64-Bit Server VM (25.211-b12 mixed mode windows-amd64 compressed oops)
# Failed to write core dump. Minidumps are not enabled by default on client versions of Windows
#

---------------  T H R E A D  ---------------

Current thread (0x000000001e0ea000):  JavaThread "C2 CompilerThread0" daemon [_thread_in_native, id=29724, stack(0x000000001eed0000,0x000000001efd0000)]

Stack: [0x000000001eed0000,0x000000001efd0000]
[error occurred during error reporting (printing stack bounds), id 0xc0000005]

Native frames: (J=compiled Java code, j=interpreted, Vv=VM code, C=native code)


Current CompileTask:
C2:   2050 1314       4       java.net.URLStreamHandler::parseURL (1193 bytes)


---------------  P R O C E S S  ---------------

Java Threads: ( => current thread )
  0x000000001fa14000 JavaThread "ReaderThread" [_thread_in_native, id=33984, stack(0x000000001fdd0000,0x000000001fed0000)]
  0x000000001e182800 JavaThread "Service Thread" daemon [_thread_blocked, id=17936, stack(0x000000001f2d0000,0x000000001f3d0000)]
  0x000000001e0f2000 JavaThread "C1 CompilerThread3" daemon [_thread_blocked, id=32660, stack(0x000000001f1d0000,0x000000001f2d0000)]
  0x000000001e0f0800 JavaThread "C2 CompilerThread2" daemon [_thread_blocked, id=25488, stack(0x000000001f0d0000,0x000000001f1d0000)]
  0x000000001e0ef800 JavaThread "C2 CompilerThread1" daemon [_thread_blocked, id=4332, stack(0x000000001efd0000,0x000000001f0d0000)]
=>0x000000001e0ea000 JavaThread "C2 CompilerThread0" daemon [_thread_in_native, id=29724, stack(0x000000001eed0000,0x000000001efd0000)]
  0x000000001e0db800 JavaThread "JDWP Command Reader" daemon [_thread_in_native, id=22656, stack(0x000000001edd0000,0x000000001eed0000)]
  0x000000001e0d8800 JavaThread "JDWP Event Helper Thread" daemon [_thread_blocked, id=4800, stack(0x000000001ecd0000,0x000000001edd0000)]
  0x000000001e0ce800 JavaThread "JDWP Transport Listener: dt_socket" daemon [_thread_blocked, id=1500, stack(0x000000001ebd0000,0x000000001ecd0000)]
  0x000000001e0c0800 JavaThread "Attach Listener" daemon [_thread_blocked, id=26336, stack(0x000000001e790000,0x000000001e890000)]
  0x000000001e0bf000 JavaThread "Signal Dispatcher" daemon [_thread_blocked, id=1208, stack(0x000000001e690000,0x000000001e790000)]
  0x00000000027fe800 JavaThread "Finalizer" daemon [_thread_blocked, id=15708, stack(0x000000001e490000,0x000000001e590000)]
  0x00000000027fd000 JavaThread "Reference Handler" daemon [_thread_blocked, id=24944, stack(0x000000001df90000,0x000000001e090000)]
  0x0000000002707000 JavaThread "main" [_thread_in_vm, id=16292, stack(0x0000000002600000,0x0000000002700000)]

Other Threads:
  0x000000001c1a9800 VMThread [stack: 0x000000001de90000,0x000000001df90000] [id=32764]
  0x000000001e1ee000 WatcherThread [stack: 0x000000001f3d0000,0x000000001f4d0000] [id=33704]

VM state:not at safepoint (normal execution)

VM Mutex/Monitor currently owned by a thread: None

heap address: 0x00000006c2600000, size: 4058 MB, Compressed Oops mode: Zero based, Oop shift amount: 3
Narrow klass base: 0x0000000000000000, Narrow klass shift: 3
Compressed class space size: 1073741824 Address: 0x00000007c0000000

Heap:
 PSYoungGen      total 75776K, used 46730K [0x000000076b780000, 0x0000000770c00000, 0x00000007c0000000)
  eden space 65024K, 60% used [0x000000076b780000,0x000000076de20128,0x000000076f700000)
  from space 10752K, 66% used [0x000000076f700000,0x000000076fe02a40,0x0000000770180000)
  to   space 10752K, 0% used [0x0000000770180000,0x0000000770180000,0x0000000770c00000)
 ParOldGen       total 173568K, used 80K [0x00000006c2600000, 0x00000006ccf80000, 0x000000076b780000)
  object space 173568K, 0% used [0x00000006c2600000,0x00000006c2614010,0x00000006ccf80000)
 Metaspace       used 17462K, capacity 17714K, committed 17920K, reserved 1064960K
  class space    used 2166K, capacity 2253K, committed 2304K, reserved 1048576K

Card table byte_map: [0x0000000011bc0000,0x00000000123b0000] byte_map_base: 0x000000000e5ad000

Marking Bits: (ParMarkBitMap*) 0x000000006db85ce0
 Begin Bits: [0x0000000013100000, 0x0000000017068000)
 End Bits:   [0x0000000017068000, 0x000000001afd0000)

Polling page: 0x0000000000c20000

CodeCache: size=245760Kb used=4972Kb max_used=4984Kb free=240787Kb
 bounds [0x0000000002800000, 0x0000000002cf0000, 0x0000000011800000]
 total_blobs=1824 nmethods=1386 adapters=358
 compilation: enabled

Compilation events (10 events):
Event: 2.043 Thread 0x000000001e0f2000 1385       3       freemarker.ext.beans.MethodMatcher::toMemberSignature (9 bytes)
Event: 2.044 Thread 0x000000001e0f2000 nmethod 1385 0x0000000002cc7e10 code [0x0000000002cc7fc0, 0x0000000002cc87e8]
Event: 2.044 Thread 0x000000001e0f2000 1386       3       freemarker.ext.beans.MethodMatcher::toMemberSignature (9 bytes)
Event: 2.044 Thread 0x000000001e0f0800 nmethod 1358 0x0000000002cd6150 code [0x0000000002cd6280, 0x0000000002cd6358]
Event: 2.044 Thread 0x000000001e0f0800 1376       4       java.lang.Character::isJavaIdentifierPart (5 bytes)
Event: 2.044 Thread 0x000000001e0f2000 nmethod 1386 0x0000000002cc7350 code [0x0000000002cc74e0, 0x0000000002cc7b28]
Event: 2.044 Thread 0x000000001e0f2000 1387       3       freemarker.ext.beans.ExecutableMemberSignature::<init> (13 bytes)
Event: 2.045 Thread 0x000000001e0f2000 nmethod 1387 0x0000000002cd5850 code [0x0000000002cd59e0, 0x0000000002cd5f68]
Event: 2.045 Thread 0x000000001e0f0800 nmethod 1376 0x0000000002cda910 code [0x0000000002cdaa40, 0x0000000002cdaad8]
Event: 2.049 Thread 0x000000001e0ef800 nmethod 1351 0x0000000002ce0190 code [0x0000000002ce02e0, 0x0000000002ce0858]

GC Heap History (2 events):
Event: 1.632 GC heap before
{Heap before GC invocations=1 (full 0):
 PSYoungGen      total 75776K, used 65024K [0x000000076b780000, 0x0000000770c00000, 0x00000007c0000000)
  eden space 65024K, 100% used [0x000000076b780000,0x000000076f700000,0x000000076f700000)
  from space 10752K, 0% used [0x0000000770180000,0x0000000770180000,0x0000000770c00000)
  to   space 10752K, 0% used [0x000000076f700000,0x000000076f700000,0x0000000770180000)
 ParOldGen       total 173568K, used 0K [0x00000006c2600000, 0x00000006ccf80000, 0x000000076b780000)
  object space 173568K, 0% used [0x00000006c2600000,0x00000006c2600000,0x00000006ccf80000)
 Metaspace       used 12671K, capacity 12872K, committed 13184K, reserved 1060864K
  class space    used 1543K, capacity 1628K, committed 1664K, reserved 1048576K
Event: 1.639 GC heap after
Heap after GC invocations=1 (full 0):
 PSYoungGen      total 75776K, used 7178K [0x000000076b780000, 0x0000000770c00000, 0x00000007c0000000)
  eden space 65024K, 0% used [0x000000076b780000,0x000000076b780000,0x000000076f700000)
  from space 10752K, 66% used [0x000000076f700000,0x000000076fe02a40,0x0000000770180000)
  to   space 10752K, 0% used [0x0000000770180000,0x0000000770180000,0x0000000770c00000)
 ParOldGen       total 173568K, used 80K [0x00000006c2600000, 0x00000006ccf80000, 0x000000076b780000)
  object space 173568K, 0% used [0x00000006c2600000,0x00000006c2614010,0x00000006ccf80000)
 Metaspace       used 12671K, capacity 12872K, committed 13184K, reserved 1060864K
  class space    used 1543K, capacity 1628K, committed 1664K, reserved 1048576K
}

Deoptimization events (10 events):
Event: 1.803 Thread 0x0000000002707000 Uncommon trap: reason=range_check action=none pc=0x0000000002beb6e4 method=sun.reflect.generics.parser.SignatureParser.current()C @ 34
Event: 1.857 Thread 0x0000000002707000 Uncommon trap: reason=range_check action=none pc=0x0000000002beb6e4 method=sun.reflect.generics.parser.SignatureParser.current()C @ 34
Event: 1.857 Thread 0x0000000002707000 Uncommon trap: reason=range_check action=none pc=0x0000000002beb6e4 method=sun.reflect.generics.parser.SignatureParser.current()C @ 34
Event: 1.857 Thread 0x0000000002707000 Uncommon trap: reason=range_check action=none pc=0x0000000002beb6e4 method=sun.reflect.generics.parser.SignatureParser.current()C @ 34
Event: 1.861 Thread 0x0000000002707000 Uncommon trap: reason=range_check action=none pc=0x0000000002beb6e4 method=sun.reflect.generics.parser.SignatureParser.current()C @ 34
Event: 1.861 Thread 0x0000000002707000 Uncommon trap: reason=range_check action=none pc=0x0000000002beb6e4 method=sun.reflect.generics.parser.SignatureParser.current()C @ 34
Event: 1.865 Thread 0x0000000002707000 Uncommon trap: reason=range_check action=none pc=0x0000000002beb6e4 method=sun.reflect.generics.parser.SignatureParser.current()C @ 34
Event: 1.868 Thread 0x0000000002707000 Uncommon trap: reason=range_check action=none pc=0x0000000002beb6e4 method=sun.reflect.generics.parser.SignatureParser.current()C @ 34
Event: 1.914 Thread 0x0000000002707000 Uncommon trap: reason=range_check action=none pc=0x0000000002beb6e4 method=sun.reflect.generics.parser.SignatureParser.current()C @ 34
Event: 2.043 Thread 0x0000000002707000 Uncommon trap: reason=bimorphic action=maybe_recompile pc=0x0000000002b55664 method=java.util.HashMap.putVal(ILjava/lang/Object;Ljava/lang/Object;ZZ)Ljava/lang/Object; @ 203

Classes redefined (0 events):
No events

Internal exceptions (10 events):
Event: 1.811 Thread 0x0000000002707000 Exception <a 'sun/nio/fs/WindowsException'> (0x000000076cadcb30) thrown at [C:\re\workspace\8-2-build-windows-amd64-cygwin\jdk8u211\12973\hotspot\src\share\vm\prims\jni.cpp, line 710]
Event: 1.857 Thread 0x0000000002707000 Exception <a 'java/lang/ArrayIndexOutOfBoundsException': 71> (0x000000076cd26ce0) thrown at [C:\re\workspace\8-2-build-windows-amd64-cygwin\jdk8u211\12973\hotspot\src\share\vm\interpreter\interpreterRuntime.cpp, line 368]
Event: 1.857 Thread 0x0000000002707000 Exception <a 'java/lang/ArrayIndexOutOfBoundsException': 60> (0x000000076cd281e8) thrown at [C:\re\workspace\8-2-build-windows-amd64-cygwin\jdk8u211\12973\hotspot\src\share\vm\interpreter\interpreterRuntime.cpp, line 368]
Event: 1.857 Thread 0x0000000002707000 Exception <a 'java/lang/ArrayIndexOutOfBoundsException': 71> (0x000000076cd29990) thrown at [C:\re\workspace\8-2-build-windows-amd64-cygwin\jdk8u211\12973\hotspot\src\share\vm\interpreter\interpreterRuntime.cpp, line 368]
Event: 1.861 Thread 0x0000000002707000 Exception <a 'java/lang/ArrayIndexOutOfBoundsException': 55> (0x000000076cd50840) thrown at [C:\re\workspace\8-2-build-windows-amd64-cygwin\jdk8u211\12973\hotspot\src\share\vm\interpreter\interpreterRuntime.cpp, line 368]
Event: 1.861 Thread 0x0000000002707000 Exception <a 'java/lang/ArrayIndexOutOfBoundsException': 38> (0x000000076cd51d20) thrown at [C:\re\workspace\8-2-build-windows-amd64-cygwin\jdk8u211\12973\hotspot\src\share\vm\interpreter\interpreterRuntime.cpp, line 368]
Event: 1.865 Thread 0x0000000002707000 Exception <a 'java/lang/ArrayIndexOutOfBoundsException': 38> (0x000000076cd779a0) thrown at [C:\re\workspace\8-2-build-windows-amd64-cygwin\jdk8u211\12973\hotspot\src\share\vm\interpreter\interpreterRuntime.cpp, line 368]
Event: 1.868 Thread 0x0000000002707000 Exception <a 'java/lang/ArrayIndexOutOfBoundsException': 49> (0x000000076cd85c30) thrown at [C:\re\workspace\8-2-build-windows-amd64-cygwin\jdk8u211\12973\hotspot\src\share\vm\interpreter\interpreterRuntime.cpp, line 368]
Event: 1.914 Thread 0x0000000002707000 Exception <a 'java/lang/ArrayIndexOutOfBoundsException': 65> (0x000000076d06b028) thrown at [C:\re\workspace\8-2-build-windows-amd64-cygwin\jdk8u211\12973\hotspot\src\share\vm\interpreter\interpreterRuntime.cpp, line 368]
Event: 1.938 Thread 0x0000000002707000 Exception <a 'sun/nio/fs/WindowsException'> (0x000000076d2c0c50) thrown at [C:\re\workspace\8-2-build-windows-amd64-cygwin\jdk8u211\12973\hotspot\src\share\vm\prims\jni.cpp, line 710]

Events (10 events):
Event: 2.048 Thread 0x0000000002707000 DEOPT PACKING pc=0x0000000002966b24 sp=0x00000000026fb810
Event: 2.048 Thread 0x0000000002707000 DEOPT UNPACKING pc=0x0000000002847890 sp=0x00000000026fb630 mode 1
Event: 2.048 Thread 0x0000000002707000 DEOPT PACKING pc=0x00000000029668bc sp=0x00000000026fb9a0
Event: 2.048 Thread 0x0000000002707000 DEOPT UNPACKING pc=0x0000000002847890 sp=0x00000000026fb7c0 mode 1
Event: 2.049 loading class freemarker/ext/beans/BooleanModel
Event: 2.049 loading class freemarker/ext/beans/BooleanModel done
Event: 2.049 Thread 0x0000000002707000 DEOPT PACKING pc=0x00000000029cb589 sp=0x00000000026fba60
Event: 2.049 Thread 0x0000000002707000 DEOPT UNPACKING pc=0x0000000002847890 sp=0x00000000026fb7b0 mode 1
Event: 2.049 Thread 0x0000000002707000 DEOPT PACKING pc=0x0000000002966b24 sp=0x00000000026fbae0
Event: 2.049 Thread 0x0000000002707000 DEOPT UNPACKING pc=0x0000000002847890 sp=0x00000000026fb900 mode 1


Dynamic libraries:
0x00007ff7f3e70000 - 0x00007ff7f3ea7000 	C:\Program Files\Java\jre1.8.0_211\bin\javaw.exe
0x00007ffb9a110000 - 0x00007ffb9a305000 	C:\WINDOWS\SYSTEM32\ntdll.dll
0x00007ffb99ee0000 - 0x00007ffb99f9e000 	C:\WINDOWS\System32\KERNEL32.DLL
0x00007ffb97d30000 - 0x00007ffb97ff8000 	C:\WINDOWS\System32\KERNELBASE.dll
0x00007ffb99440000 - 0x00007ffb994ec000 	C:\WINDOWS\System32\ADVAPI32.dll
0x00007ffb98160000 - 0x00007ffb981fe000 	C:\WINDOWS\System32\msvcrt.dll
0x00007ffb99b10000 - 0x00007ffb99bab000 	C:\WINDOWS\System32\sechost.dll
0x00007ffb99db0000 - 0x00007ffb99eda000 	C:\WINDOWS\System32\RPCRT4.dll
0x00007ffb99290000 - 0x00007ffb99431000 	C:\WINDOWS\System32\USER32.dll
0x00007ffb97a10000 - 0x00007ffb97a32000 	C:\WINDOWS\System32\win32u.dll
0x00007ffb985f0000 - 0x00007ffb9861b000 	C:\WINDOWS\System32\GDI32.dll
0x00007ffb97c20000 - 0x00007ffb97d2d000 	C:\WINDOWS\System32\gdi32full.dll
0x00007ffb98000000 - 0x00007ffb9809d000 	C:\WINDOWS\System32\msvcp_win.dll
0x00007ffb97a40000 - 0x00007ffb97b40000 	C:\WINDOWS\System32\ucrtbase.dll
0x00007ffb80890000 - 0x00007ffb80b2a000 	C:\WINDOWS\WinSxS\amd64_microsoft.windows.common-controls_6595b64144ccf1df_6.0.19041.1110_none_60b5254171f9507e\COMCTL32.dll
0x00007ffb99260000 - 0x00007ffb99290000 	C:\WINDOWS\System32\IMM32.DLL
0x000000006cd70000 - 0x000000006ce42000 	C:\Program Files\Java\jre1.8.0_211\bin\msvcr100.dll
0x000000006d360000 - 0x000000006dc05000 	C:\Program Files\Java\jre1.8.0_211\bin\server\jvm.dll
0x00007ffb98150000 - 0x00007ffb98158000 	C:\WINDOWS\System32\PSAPI.DLL
0x00007ffb835e0000 - 0x00007ffb835e9000 	C:\WINDOWS\SYSTEM32\WSOCK32.dll
0x00007ffb991f0000 - 0x00007ffb9925b000 	C:\WINDOWS\System32\WS2_32.dll
0x00007ffb8d170000 - 0x00007ffb8d17a000 	C:\WINDOWS\SYSTEM32\VERSION.dll
0x00007ffb82850000 - 0x00007ffb82877000 	C:\WINDOWS\SYSTEM32\WINMM.dll
0x00007ffb802b0000 - 0x00007ffb802bf000 	C:\Program Files\Java\jre1.8.0_211\bin\verify.dll
0x00007ffb674e0000 - 0x00007ffb67509000 	C:\Program Files\Java\jre1.8.0_211\bin\java.dll
0x00007ffb8ef60000 - 0x00007ffb8ef95000 	C:\Program Files\Java\jre1.8.0_211\bin\jdwp.dll
0x00007ffb94b30000 - 0x00007ffb94b38000 	C:\Program Files\Java\jre1.8.0_211\bin\npt.dll
0x00007ffb6e510000 - 0x00007ffb6e526000 	C:\Program Files\Java\jre1.8.0_211\bin\zip.dll
0x00007ffb98620000 - 0x00007ffb98d64000 	C:\WINDOWS\System32\SHELL32.dll
0x00007ffb95470000 - 0x00007ffb95c04000 	C:\WINDOWS\SYSTEM32\windows.storage.dll
0x00007ffb98200000 - 0x00007ffb98555000 	C:\WINDOWS\System32\combase.dll
0x00007ffb97200000 - 0x00007ffb9722e000 	C:\WINDOWS\SYSTEM32\Wldp.dll
0x00007ffb99d00000 - 0x00007ffb99dad000 	C:\WINDOWS\System32\SHCORE.dll
0x00007ffb99960000 - 0x00007ffb999b5000 	C:\WINDOWS\System32\shlwapi.dll
0x00007ffb97760000 - 0x00007ffb9777f000 	C:\WINDOWS\SYSTEM32\profapi.dll
0x00007ffb94b20000 - 0x00007ffb94b29000 	C:\Program Files\Java\jre1.8.0_211\bin\dt_socket.dll
0x00007ffb8d130000 - 0x00007ffb8d147000 	C:\WINDOWS\system32\napinsp.dll
0x00007ffb8ab90000 - 0x00007ffb8abab000 	C:\WINDOWS\system32\pnrpnsp.dll
0x00007ffb930d0000 - 0x00007ffb930e5000 	C:\WINDOWS\system32\wshbth.dll
0x00007ffb93b10000 - 0x00007ffb93b2d000 	C:\WINDOWS\system32\NLAapi.dll
0x00007ffb96bf0000 - 0x00007ffb96c2b000 	C:\WINDOWS\SYSTEM32\IPHLPAPI.DLL
0x00007ffb96f00000 - 0x00007ffb96f6a000 	C:\WINDOWS\System32\mswsock.dll
0x00007ffb96c30000 - 0x00007ffb96cfb000 	C:\WINDOWS\SYSTEM32\DNSAPI.dll
0x00007ffb99c10000 - 0x00007ffb99c18000 	C:\WINDOWS\System32\NSI.dll
0x00007ffb8aa30000 - 0x00007ffb8aa42000 	C:\WINDOWS\System32\winrnr.dll
0x00007ffb87840000 - 0x00007ffb878bf000 	C:\WINDOWS\System32\fwpuclnt.dll
0x00007ffb979e0000 - 0x00007ffb97a07000 	C:\WINDOWS\System32\bcrypt.dll
0x00007ffb87830000 - 0x00007ffb8783a000 	C:\Windows\System32\rasadhlp.dll
0x00007ffb6d610000 - 0x00007ffb6d62a000 	C:\Program Files\Java\jre1.8.0_211\bin\net.dll
0x00007ffb89610000 - 0x00007ffb897fb000 	C:\WINDOWS\SYSTEM32\urlmon.dll
0x00007ffb89830000 - 0x00007ffb89ae0000 	C:\WINDOWS\SYSTEM32\iertutil.dll
0x00007ffb8b140000 - 0x00007ffb8b168000 	C:\WINDOWS\SYSTEM32\srvcli.dll
0x00007ffb96d50000 - 0x00007ffb96d5c000 	C:\WINDOWS\SYSTEM32\netutils.dll
0x00007ffb970f0000 - 0x00007ffb97108000 	C:\WINDOWS\SYSTEM32\CRYPTSP.dll
0x00007ffb96880000 - 0x00007ffb968b4000 	C:\WINDOWS\system32\rsaenh.dll
0x00007ffb976e0000 - 0x00007ffb9770e000 	C:\WINDOWS\SYSTEM32\USERENV.dll
0x00007ffb97b90000 - 0x00007ffb97c12000 	C:\WINDOWS\System32\bcryptprimitives.dll
0x00007ffb97110000 - 0x00007ffb9711c000 	C:\WINDOWS\SYSTEM32\CRYPTBASE.dll
0x00007ffb8f140000 - 0x00007ffb8f157000 	C:\WINDOWS\SYSTEM32\dhcpcsvc6.DLL
0x00007ffb8f550000 - 0x00007ffb8f56d000 	C:\WINDOWS\SYSTEM32\dhcpcsvc.DLL
0x00007ffb6c280000 - 0x00007ffb6c292000 	C:\Program Files\Java\jre1.8.0_211\bin\nio.dll
0x00007ffb942e0000 - 0x00007ffb942ed000 	C:\Program Files\Java\jre1.8.0_211\bin\management.dll

VM Arguments:
jvm_args: -agentlib:jdwp=transport=dt_socket,suspend=y,address=localhost:2864 -ea -Dfile.encoding=Cp1252 
java_command: org.testng.remote.RemoteTestNG -serport 2863 -protocol json -d D:\Automation\Selenium-workspace\SalesForceAutomation\test-output C:\Users\seema\AppData\Local\Temp\testng-eclipse-681973369\testng-customsuite.xml
java_class_path (initial): C:\Users\seema\eclipse\java-2019-03\eclipse\configuration\org.eclipse.osgi\525\0\.cp\lib\testng-remote.jar;D:\Automation\Selenium-workspace\SalesForceAutomation\target\test-classes;D:\Automation\Selenium-workspace\SalesForceAutomation\target\classes;C:\Users\seema\.p2\pool\plugins\org.testng_6.14.3.r201802240500.jar;C:\Users\seema\.p2\pool\plugins\com.beust.jcommander_1.72.0.jar;C:\Users\seema\.p2\pool\plugins\org.apache-extras.beanshell.bsh_2.0.0.b6.jar;C:\Users\seema\.p2\pool\plugins\org.yaml.snakeyaml_1.17.0.jar;C:\Users\seema\.m2\repository\org\seleniumhq\selenium\selenium-java\4.11.0\selenium-java-4.11.0.jar;C:\Users\seema\.m2\repository\org\seleniumhq\selenium\selenium-api\4.11.0\selenium-api-4.11.0.jar;C:\Users\seema\.m2\repository\org\seleniumhq\selenium\selenium-chrome-driver\4.11.0\selenium-chrome-driver-4.11.0.jar;C:\Users\seema\.m2\repository\com\google\auto\service\auto-service-annotations\1.0.1\auto-service-annotations-1.0.1.jar;C:\Users\seema\.m2\repository\com\google\guava\guava\31.1-jre\guava-31.1-jre.jar;C:\Users\seema\.m2\repository\com\google\guava\failureaccess\1.0.1\failureaccess-1.0.1.jar;C:\Users\seema\.m2\repository\com\google\guava\listenablefuture\9999.0-empty-to-avoid-conflict-with-guava\listenablefuture-9999.0-empty-to-avoid-conflict-with-guava.jar;C:\Users\seema\.m2\repository\com\google\code\findbugs\jsr305\3.0.2\jsr305-3.0.2.jar;C:\Users\seema\.m2\repository\org\checkerframework\checker-qual\3.12.0\checker-qual-3.12.0.jar;C:\Users\seema\.m2\repository\com\google\errorprone\error_prone_annotations\2.11.0\error_prone_annotations-2.11.0.jar;C:\Users\seema\.m2\repository\com\google\j2objc\j2objc-annotations\1.3\j2objc-annotations-1.3.jar;C:\Users\seema\.m2\repository\org\seleniumhq\selenium\selenium-chromium-driver\4.11.0\selenium-chromium-driver-4.11.0.jar;C:\Users\seema\.m2\repository\org\seleniumhq\selenium\selenium-json\4.11.0\selenium-json-4.11.0.jar;C:\Users\seema\.m2\repository\org\seleniumhq\selenium\s
Launcher Type: SUN_STANDARD

Environment Variables:
JAVA_HOME=C:\Program Files\Java\jdk-17\bin
PATH=C:/Program Files/Java/jre1.8.0_211/bin/server;C:/Program Files/Java/jre1.8.0_211/bin;C:/Program Files/Java/jre1.8.0_211/lib/amd64;C:\Program Files\Common Files\Oracle\Java\javapath;C:\Program Files (x86)\Common Files\Oracle\Java\javapath;C:\Program Files (x86)\Intel\Intel(R) Management Engine Components\iCLS\;C:\Program Files\Intel\Intel(R) Management Engine Components\iCLS\;C:\WINDOWS\system32;C:\WINDOWS;C:\WINDOWS\System32\Wbem;C:\WINDOWS\System32\WindowsPowerShell\v1.0\;C:\Program Files (x86)\Intel\Intel(R) Management Engine Components\DAL;C:\Program Files\Intel\Intel(R) Management Engine Components\DAL;C:\Program Files (x86)\Intel\Intel(R) Management Engine Components\IPT;C:\Program Files\Intel\Intel(R) Management Engine Components\IPT;C:\WINDOWS\System32\OpenSSH\;C:\Program Files\Intel\WiFi\bin\;C:\Program Files\Common Files\Intel\WirelessCommon\;C:\Program Files\Java\jdk-17\bin;C:\Program Files\Java\apache-maven-3.9.4\bin;C:\Program Files\Git\cmd;C:\Program Files\Git\mingw64\bin;C:\Program Files\Git\usr\bin;C:\Users\seema\AppData\Local\Microsoft\WindowsApps;C:\Users\seema\AppData\Local\Programs\Microsoft VS Code\bin;C:\Users\seema\AppData\Local\GitHubDesktop\bin;C:\Users\seema\OneDrive\Desktop;
USERNAME=seema
OS=Windows_NT
PROCESSOR_IDENTIFIER=Intel64 Family 6 Model 142 Stepping 10, GenuineIntel



---------------  S Y S T E M  ---------------

OS: Windows 10.0 , 64 bit Build 19041 (10.0.19041.1348)

CPU:total 8 (initial active 8) (4 cores per cpu, 2 threads per core) family 6 model 142 stepping 10, cmov, cx8, fxsr, mmx, sse, sse2, sse3, ssse3, sse4.1, sse4.2, popcnt, avx, avx2, aes, clmul, erms, 3dnowpref, lzcnt, ht, tsc, tscinvbit, bmi1, bmi2, adx

Memory: 4k page, physical 16618856k(3079652k free), swap 66950504k(5300k free)

vm_info: Java HotSpot(TM) 64-Bit Server VM (25.211-b12) for windows-amd64 JRE (1.8.0_211-b12), built on Apr  1 2019 20:53:26 by "java_re" with MS VC++ 10.0 (VS2010)

time: Tue Sep 12 21:39:16 2023
timezone: Eastern Daylight Time
elapsed time: 2 seconds (0d 0h 0m 2s)

